<?xml version="1.0" encoding="UTF-8"?>
<robot generator="Robot 3.1.1 (Python 3.6.7 on linux)" generated="20190212 22:48:35.651" rpa="false">
<suite id="s1" name="Invalid Login" source="/home/joao/DEV/python/robot_tests/invalid_login.robot">
<test id="s1-t1" name="Invalid Login">
<kw name="Open Browser To Login Page" library="login_steps">
<kw name="Open Browser" library="SeleniumLibrary">
<doc>Opens a new browser instance to the given ``url``.</doc>
<arguments>
<arg>${LOGIN URL}</arg>
<arg>${BROWSER}</arg>
</arguments>
<msg timestamp="20190212 22:48:35.768" level="INFO">Opening browser 'Firefox' to base url 'https://www.saucedemo.com/'.</msg>
<status status="PASS" starttime="20190212 22:48:35.767" endtime="20190212 22:48:42.709"></status>
</kw>
<kw name="Maximize Browser Window" library="SeleniumLibrary">
<doc>Maximizes current browser window.</doc>
<status status="PASS" starttime="20190212 22:48:42.710" endtime="20190212 22:48:42.995"></status>
</kw>
<kw name="Set Selenium Speed" library="SeleniumLibrary">
<doc>Sets the delay that is waited after each Selenium command.</doc>
<arguments>
<arg>${DELAY}</arg>
</arguments>
<status status="PASS" starttime="20190212 22:48:42.995" endtime="20190212 22:48:42.996"></status>
</kw>
<kw name="Login Page Should Be Open" library="login_steps">
<kw name="Title Should Be" library="SeleniumLibrary">
<doc>Verifies that current page title equals ``title``.</doc>
<arguments>
<arg>Swag Labs</arg>
</arguments>
<msg timestamp="20190212 22:48:43.022" level="INFO">Page title is 'Swag Labs'.</msg>
<status status="PASS" starttime="20190212 22:48:42.998" endtime="20190212 22:48:43.022"></status>
</kw>
<status status="PASS" starttime="20190212 22:48:42.997" endtime="20190212 22:48:43.022"></status>
</kw>
<status status="PASS" starttime="20190212 22:48:35.767" endtime="20190212 22:48:43.022"></status>
</kw>
<kw name="Input Username" library="login_steps">
<arguments>
<arg>invalid_user</arg>
</arguments>
<kw name="Input Text" library="SeleniumLibrary">
<doc>Types the given ``text`` into text field identified by ``locator``.</doc>
<arguments>
<arg>user-name</arg>
<arg>${username}</arg>
</arguments>
<msg timestamp="20190212 22:48:43.023" level="INFO">Typing text 'invalid_user' into text field 'user-name'.</msg>
<status status="PASS" starttime="20190212 22:48:43.023" endtime="20190212 22:48:43.077"></status>
</kw>
<status status="PASS" starttime="20190212 22:48:43.023" endtime="20190212 22:48:43.077"></status>
</kw>
<kw name="Input Password" library="login_steps">
<arguments>
<arg>secret_sauce</arg>
</arguments>
<kw name="Input Text" library="SeleniumLibrary">
<doc>Types the given ``text`` into text field identified by ``locator``.</doc>
<arguments>
<arg>password</arg>
<arg>${password}</arg>
</arguments>
<msg timestamp="20190212 22:48:43.078" level="INFO">Typing text 'secret_sauce' into text field 'password'.</msg>
<status status="PASS" starttime="20190212 22:48:43.078" endtime="20190212 22:48:43.122"></status>
</kw>
<status status="PASS" starttime="20190212 22:48:43.077" endtime="20190212 22:48:43.122"></status>
</kw>
<kw name="Submit Credentials" library="login_steps">
<kw name="Click Button" library="SeleniumLibrary">
<doc>Clicks button identified by ``locator``.</doc>
<arguments>
<arg>class:login-button</arg>
</arguments>
<msg timestamp="20190212 22:48:43.123" level="INFO">Clicking button 'class:login-button'.</msg>
<status status="PASS" starttime="20190212 22:48:43.123" endtime="20190212 22:48:43.363"></status>
</kw>
<status status="PASS" starttime="20190212 22:48:43.122" endtime="20190212 22:48:43.363"></status>
</kw>
<kw name="Should see the message" library="validation_steps">
<arguments>
<arg>Username and password do not match any user in this service</arg>
</arguments>
<kw name="Page Should Contain" library="SeleniumLibrary">
<doc>Verifies that current page contains ``text``.</doc>
<arguments>
<arg>${message}</arg>
</arguments>
<msg timestamp="20190212 22:48:43.405" level="INFO">Current page contains text 'Username and password do not match any user in this service'.</msg>
<status status="PASS" starttime="20190212 22:48:43.365" endtime="20190212 22:48:43.405"></status>
</kw>
<status status="PASS" starttime="20190212 22:48:43.364" endtime="20190212 22:48:43.406"></status>
</kw>
<status status="PASS" starttime="20190212 22:48:35.766" endtime="20190212 22:48:43.406" critical="yes"></status>
</test>
<test id="s1-t2" name="[Teardown] Close Browser">
<status status="FAIL" starttime="20190212 22:48:43.408" endtime="20190212 22:48:43.409" critical="yes">Test case contains no keywords.</status>
</test>
<doc>A test suite with test scenarios for validate login feature.</doc>
<status status="FAIL" starttime="20190212 22:48:35.652" endtime="20190212 22:48:43.411"></status>
</suite>
<statistics>
<total>
<stat pass="1" fail="1">Critical Tests</stat>
<stat pass="1" fail="1">All Tests</stat>
</total>
<tag>
</tag>
<suite>
<stat pass="1" fail="1" id="s1" name="Invalid Login">Invalid Login</stat>
</suite>
</statistics>
<errors>
</errors>
</robot>
