<?xml version="1.0" encoding="UTF-8"?>
<robot generator="Robot 3.1.1 (Python 3.6.7 on linux)" generated="20190212 09:45:55.706" rpa="false">
<suite id="s1" name="Log In" source="/home/joao/DEV/python/robot-integritas/log_in.robot">
<test id="s1-t1" name="Valid Login">
<kw name="Open Browser To Login Page" library="resource">
<kw name="Open Browser" library="SeleniumLibrary">
<doc>Opens a new browser instance to the given ``url``.</doc>
<arguments>
<arg>${LOGIN URL}</arg>
<arg>${BROWSER}</arg>
</arguments>
<msg timestamp="20190212 09:45:55.821" level="INFO">Opening browser 'Firefox' to base url 'http://google.com/'.</msg>
<status status="PASS" starttime="20190212 09:45:55.820" endtime="20190212 09:46:02.354"></status>
</kw>
<kw name="Maximize Browser Window" library="SeleniumLibrary">
<doc>Maximizes current browser window.</doc>
<status status="PASS" starttime="20190212 09:46:02.355" endtime="20190212 09:46:02.645"></status>
</kw>
<kw name="Set Selenium Speed" library="SeleniumLibrary">
<doc>Sets the delay that is waited after each Selenium command.</doc>
<arguments>
<arg>${DELAY}</arg>
</arguments>
<status status="PASS" starttime="20190212 09:46:02.645" endtime="20190212 09:46:02.647"></status>
</kw>
<kw name="Login Page Should Be Open" library="resource">
<kw name="Title Should Be" library="SeleniumLibrary">
<doc>Verifies that current page title equals ``title``.</doc>
<arguments>
<arg>Login Page</arg>
</arguments>
<kw name="Capture Page Screenshot" library="SeleniumLibrary">
<doc>Takes screenshot of the current page and embeds it into log file.</doc>
<msg timestamp="20190212 09:46:02.815" level="INFO" html="yes">&lt;/td&gt;&lt;/tr&gt;&lt;tr&gt;&lt;td colspan="3"&gt;&lt;a href="selenium-screenshot-3.png"&gt;&lt;img src="selenium-screenshot-3.png" width="800px"&gt;&lt;/a&gt;</msg>
<status status="PASS" starttime="20190212 09:46:02.658" endtime="20190212 09:46:02.815"></status>
</kw>
<msg timestamp="20190212 09:46:02.816" level="FAIL">Title should have been 'Login Page' but was 'Google'.</msg>
<status status="FAIL" starttime="20190212 09:46:02.650" endtime="20190212 09:46:02.816"></status>
</kw>
<status status="FAIL" starttime="20190212 09:46:02.647" endtime="20190212 09:46:02.816"></status>
</kw>
<status status="FAIL" starttime="20190212 09:45:55.820" endtime="20190212 09:46:02.816"></status>
</kw>
<status status="FAIL" starttime="20190212 09:45:55.820" endtime="20190212 09:46:02.817" critical="yes">Title should have been 'Login Page' but was 'Google'.</status>
</test>
<test id="s1-t2" name="[Teardown] Close Browser">
<status status="FAIL" starttime="20190212 09:46:02.817" endtime="20190212 09:46:02.818" critical="yes">Test case contains no keywords.</status>
</test>
<doc>A test suite with a single test for valid login.

This test has a workflow that is created using keywords in
the imported resource file.</doc>
<status status="FAIL" starttime="20190212 09:45:55.707" endtime="20190212 09:46:02.818"></status>
</suite>
<statistics>
<total>
<stat pass="0" fail="2">Critical Tests</stat>
<stat pass="0" fail="2">All Tests</stat>
</total>
<tag>
</tag>
<suite>
<stat pass="0" fail="2" id="s1" name="Log In">Log In</stat>
</suite>
</statistics>
<errors>
</errors>
</robot>
