<?xml version="1.0" encoding="UTF-8"?>
<robot generator="Robot 3.1.1 (Python 3.6.7 on linux)" generated="20190212 21:47:25.687" rpa="false">
<suite id="s1" name="Products" source="/home/joao/DEV/python/robot_tests/products.robot">
<test id="s1-t1" name="Operate Cart">
<kw name="Open Browser To Login Page" library="login_steps">
<kw name="Open Browser" library="SeleniumLibrary">
<doc>Opens a new browser instance to the given ``url``.</doc>
<arguments>
<arg>${LOGIN URL}</arg>
<arg>${BROWSER}</arg>
</arguments>
<msg timestamp="20190212 21:47:25.805" level="INFO">Opening browser 'Firefox' to base url 'https://www.saucedemo.com/'.</msg>
<status status="PASS" starttime="20190212 21:47:25.804" endtime="20190212 21:47:32.423"></status>
</kw>
<kw name="Maximize Browser Window" library="SeleniumLibrary">
<doc>Maximizes current browser window.</doc>
<status status="PASS" starttime="20190212 21:47:32.424" endtime="20190212 21:47:32.700"></status>
</kw>
<kw name="Set Selenium Speed" library="SeleniumLibrary">
<doc>Sets the delay that is waited after each Selenium command.</doc>
<arguments>
<arg>${DELAY}</arg>
</arguments>
<status status="PASS" starttime="20190212 21:47:32.701" endtime="20190212 21:47:32.701"></status>
</kw>
<kw name="Login Page Should Be Open" library="login_steps">
<kw name="Title Should Be" library="SeleniumLibrary">
<doc>Verifies that current page title equals ``title``.</doc>
<arguments>
<arg>Swag Labs</arg>
</arguments>
<msg timestamp="20190212 21:47:32.704" level="INFO">Page title is 'Swag Labs'.</msg>
<status status="PASS" starttime="20190212 21:47:32.701" endtime="20190212 21:47:32.705"></status>
</kw>
<status status="PASS" starttime="20190212 21:47:32.701" endtime="20190212 21:47:32.705"></status>
</kw>
<status status="PASS" starttime="20190212 21:47:25.804" endtime="20190212 21:47:32.705"></status>
</kw>
<kw name="Input Username" library="login_steps">
<arguments>
<arg>standard_user</arg>
</arguments>
<kw name="Input Text" library="SeleniumLibrary">
<doc>Types the given ``text`` into text field identified by ``locator``.</doc>
<arguments>
<arg>user-name</arg>
<arg>${username}</arg>
</arguments>
<msg timestamp="20190212 21:47:32.707" level="INFO">Typing text 'standard_user' into text field 'user-name'.</msg>
<status status="PASS" starttime="20190212 21:47:32.707" endtime="20190212 21:47:32.760"></status>
</kw>
<status status="PASS" starttime="20190212 21:47:32.706" endtime="20190212 21:47:32.760"></status>
</kw>
<kw name="Input Password" library="login_steps">
<arguments>
<arg>secret_sauce</arg>
</arguments>
<kw name="Input Text" library="SeleniumLibrary">
<doc>Types the given ``text`` into text field identified by ``locator``.</doc>
<arguments>
<arg>password</arg>
<arg>${password}</arg>
</arguments>
<msg timestamp="20190212 21:47:32.761" level="INFO">Typing text 'secret_sauce' into text field 'password'.</msg>
<status status="PASS" starttime="20190212 21:47:32.761" endtime="20190212 21:47:32.804"></status>
</kw>
<status status="PASS" starttime="20190212 21:47:32.760" endtime="20190212 21:47:32.805"></status>
</kw>
<kw name="Submit Credentials" library="login_steps">
<kw name="Click Button" library="SeleniumLibrary">
<doc>Clicks button identified by ``locator``.</doc>
<arguments>
<arg>class:login-button</arg>
</arguments>
<msg timestamp="20190212 21:47:32.805" level="INFO">Clicking button 'class:login-button'.</msg>
<status status="PASS" starttime="20190212 21:47:32.805" endtime="20190212 21:47:34.800"></status>
</kw>
<status status="PASS" starttime="20190212 21:47:32.805" endtime="20190212 21:47:34.800"></status>
</kw>
<kw name="Welcome Page Should Be Open" library="login_steps">
<kw name="Location Should Be" library="SeleniumLibrary">
<doc>Verifies that current URL is exactly ``url``.</doc>
<arguments>
<arg>${WELCOME URL}</arg>
</arguments>
<msg timestamp="20190212 21:47:34.808" level="INFO">Current location is 'https://www.saucedemo.com/inventory.html'.</msg>
<status status="PASS" starttime="20190212 21:47:34.803" endtime="20190212 21:47:34.808"></status>
</kw>
<status status="PASS" starttime="20190212 21:47:34.801" endtime="20190212 21:47:34.809"></status>
</kw>
<kw name="Add 3 products on the cart" library="products_steps">
<kw name="Click Element" library="SeleniumLibrary">
<doc>Click element identified by ``locator``.</doc>
<arguments>
<arg>class:add-to-cart-button</arg>
</arguments>
<msg timestamp="20190212 21:47:34.810" level="INFO">Clicking element 'class:add-to-cart-button'.</msg>
<status status="PASS" starttime="20190212 21:47:34.810" endtime="20190212 21:47:35.073"></status>
</kw>
<kw name="Click Element" library="SeleniumLibrary">
<doc>Click element identified by ``locator``.</doc>
<arguments>
<arg>class:add-to-cart-button</arg>
</arguments>
<msg timestamp="20190212 21:47:35.075" level="INFO">Clicking element 'class:add-to-cart-button'.</msg>
<status status="PASS" starttime="20190212 21:47:35.074" endtime="20190212 21:47:35.361"></status>
</kw>
<kw name="Click Element" library="SeleniumLibrary">
<doc>Click element identified by ``locator``.</doc>
<arguments>
<arg>class:add-to-cart-button</arg>
</arguments>
<msg timestamp="20190212 21:47:35.363" level="INFO">Clicking element 'class:add-to-cart-button'.</msg>
<status status="PASS" starttime="20190212 21:47:35.362" endtime="20190212 21:47:35.631"></status>
</kw>
<status status="PASS" starttime="20190212 21:47:34.809" endtime="20190212 21:47:35.631"></status>
</kw>
<kw name="Remove 1 product from the cart" library="products_steps">
<kw name="Click Element" library="SeleniumLibrary">
<doc>Click element identified by ``locator``.</doc>
<arguments>
<arg>class:remove-from-cart-button</arg>
</arguments>
<msg timestamp="20190212 21:47:35.634" level="INFO">Clicking element 'class:remove-from-cart-button'.</msg>
<status status="PASS" starttime="20190212 21:47:35.634" endtime="20190212 21:47:35.902"></status>
</kw>
<status status="PASS" starttime="20190212 21:47:35.632" endtime="20190212 21:47:35.903"></status>
</kw>
<kw name="Shopping Cart Should have 2 products" library="products_steps">
<kw name="Element Text Should Be" library="SeleniumLibrary">
<doc>Verifies that element ``locator`` contains exact text ``expected``.</doc>
<arguments>
<arg>class:shopping_cart_badge</arg>
<arg>2</arg>
</arguments>
<msg timestamp="20190212 21:47:35.906" level="INFO">Verifying element 'class:shopping_cart_badge' contains exact text '2'.</msg>
<status status="PASS" starttime="20190212 21:47:35.905" endtime="20190212 21:47:35.954"></status>
</kw>
<status status="PASS" starttime="20190212 21:47:35.904" endtime="20190212 21:47:35.954"></status>
</kw>
<kw name="Go to checkout page" library="checkout_steps">
<kw name="Click Link" library="SeleniumLibrary">
<doc>Clicks a link identified by ``locator``.</doc>
<arguments>
<arg>class:shopping_cart_link</arg>
</arguments>
<msg timestamp="20190212 21:47:35.955" level="INFO">Clicking link 'class:shopping_cart_link'.</msg>
<status status="PASS" starttime="20190212 21:47:35.955" endtime="20190212 21:47:36.288"></status>
</kw>
<kw name="Click Link" library="SeleniumLibrary">
<doc>Clicks a link identified by ``locator``.</doc>
<arguments>
<arg>class:cart_checkout_link</arg>
</arguments>
<msg timestamp="20190212 21:47:36.289" level="INFO">Clicking link 'class:cart_checkout_link'.</msg>
<status status="PASS" starttime="20190212 21:47:36.288" endtime="20190212 21:47:36.730"></status>
</kw>
<status status="PASS" starttime="20190212 21:47:35.955" endtime="20190212 21:47:36.731"></status>
</kw>
<kw name="Fill Checkout informations" library="checkout_steps">
<kw name="Input Text" library="SeleniumLibrary">
<doc>Types the given ``text`` into text field identified by ``locator``.</doc>
<arguments>
<arg>class:checkout-input[placeholder="First Name"]</arg>
<arg>Teste</arg>
</arguments>
<msg timestamp="20190212 21:47:36.731" level="INFO">Typing text 'Teste' into text field 'class:checkout-input[placeholder="First Name"]'.</msg>
<status status="PASS" starttime="20190212 21:47:36.731" endtime="20190212 21:47:36.782"></status>
</kw>
<kw name="Input Text" library="SeleniumLibrary">
<doc>Types the given ``text`` into text field identified by ``locator``.</doc>
<arguments>
<arg>class:checkout-input[placeholder="Last Name"]</arg>
<arg>Lorena</arg>
</arguments>
<msg timestamp="20190212 21:47:36.783" level="INFO">Typing text 'Lorena' into text field 'class:checkout-input[placeholder="Last Name"]'.</msg>
<status status="PASS" starttime="20190212 21:47:36.783" endtime="20190212 21:47:36.813"></status>
</kw>
<kw name="Input Text" library="SeleniumLibrary">
<doc>Types the given ``text`` into text field identified by ``locator``.</doc>
<arguments>
<arg>class:checkout-input[placeholder="Zip/Postal Code"]</arg>
<arg>40000</arg>
</arguments>
<msg timestamp="20190212 21:47:36.814" level="INFO">Typing text '40000' into text field 'class:checkout-input[placeholder="Zip/Postal Code"]'.</msg>
<status status="PASS" starttime="20190212 21:47:36.813" endtime="20190212 21:47:36.837"></status>
</kw>
<kw name="Click Element" library="SeleniumLibrary">
<doc>Click element identified by ``locator``.</doc>
<arguments>
<arg>class:cart_checkout_link</arg>
</arguments>
<msg timestamp="20190212 21:47:36.837" level="INFO">Clicking element 'class:cart_checkout_link'.</msg>
<status status="PASS" starttime="20190212 21:47:36.837" endtime="20190212 21:47:37.290"></status>
</kw>
<status status="PASS" starttime="20190212 21:47:36.731" endtime="20190212 21:47:37.291"></status>
</kw>
<kw name="See the total price" library="checkout_steps">
<kw name="Element Text Should Be" library="SeleniumLibrary">
<doc>Verifies that element ``locator`` contains exact text ``expected``.</doc>
<arguments>
<arg>class:summary_total_label</arg>
<arg>Total: $28.06</arg>
</arguments>
<msg timestamp="20190212 21:47:37.291" level="INFO">Verifying element 'class:summary_total_label' contains exact text 'Total: $28.06'.</msg>
<status status="PASS" starttime="20190212 21:47:37.291" endtime="20190212 21:47:37.315"></status>
</kw>
<status status="PASS" starttime="20190212 21:47:37.291" endtime="20190212 21:47:37.316"></status>
</kw>
<status status="PASS" starttime="20190212 21:47:25.803" endtime="20190212 21:47:37.316" critical="yes"></status>
</test>
<test id="s1-t2" name="[Teardown] Close Browser">
<status status="FAIL" starttime="20190212 21:47:37.317" endtime="20190212 21:47:37.317" critical="yes">Test case contains no keywords.</status>
</test>
<doc>A test suite with test scenarios for validate products feature.</doc>
<status status="FAIL" starttime="20190212 21:47:25.688" endtime="20190212 21:47:37.318"></status>
</suite>
<statistics>
<total>
<stat pass="1" fail="1">Critical Tests</stat>
<stat pass="1" fail="1">All Tests</stat>
</total>
<tag>
</tag>
<suite>
<stat pass="1" fail="1" id="s1" name="Products">Products</stat>
</suite>
</statistics>
<errors>
</errors>
</robot>
