<?xml version="1.0" encoding="UTF-8"?>
<robot generator="Robot 3.1.1 (Python 3.6.7 on linux)" generated="20190213 01:32:05.601" rpa="false">
<suite id="s1" name="Login" source="/home/joao/DEV/python/robot_tests/features/specs/login.robot">
<test id="s1-t1" name="Valid Login">
<kw name="Init Tests" library="resource" type="setup">
<kw name="Open Browser" library="SeleniumLibrary">
<doc>Opens a new browser instance to the given ``url``.</doc>
<arguments>
<arg>${LOGIN URL}</arg>
<arg>${BROWSER}</arg>
</arguments>
<msg timestamp="20190213 01:32:05.716" level="INFO">Opening browser 'Firefox' to base url 'https://www.saucedemo.com/'.</msg>
<status status="PASS" starttime="20190213 01:32:05.716" endtime="20190213 01:32:12.374"></status>
</kw>
<kw name="Maximize Browser Window" library="SeleniumLibrary">
<doc>Maximizes current browser window.</doc>
<status status="PASS" starttime="20190213 01:32:12.374" endtime="20190213 01:32:12.658"></status>
</kw>
<kw name="Set Selenium Speed" library="SeleniumLibrary">
<doc>Sets the delay that is waited after each Selenium command.</doc>
<arguments>
<arg>${DELAY}</arg>
</arguments>
<status status="PASS" starttime="20190213 01:32:12.659" endtime="20190213 01:32:12.660"></status>
</kw>
<status status="PASS" starttime="20190213 01:32:05.715" endtime="20190213 01:32:12.661"></status>
</kw>
<kw name="See Login Page" library="login_steps">
<kw name="Title Should Be" library="SeleniumLibrary">
<doc>Verifies that current page title equals ``title``.</doc>
<arguments>
<arg>Swag Labs</arg>
</arguments>
<msg timestamp="20190213 01:32:12.675" level="INFO">Page title is 'Swag Labs'.</msg>
<status status="PASS" starttime="20190213 01:32:12.663" endtime="20190213 01:32:12.676"></status>
</kw>
<status status="PASS" starttime="20190213 01:32:12.662" endtime="20190213 01:32:12.676"></status>
</kw>
<kw name="Input Username" library="login_steps">
<arguments>
<arg>standard_user</arg>
</arguments>
<kw name="Input Text" library="SeleniumLibrary">
<doc>Types the given ``text`` into text field identified by ``locator``.</doc>
<arguments>
<arg>user-name</arg>
<arg>${username}</arg>
</arguments>
<msg timestamp="20190213 01:32:12.678" level="INFO">Typing text 'standard_user' into text field 'user-name'.</msg>
<status status="PASS" starttime="20190213 01:32:12.677" endtime="20190213 01:32:12.752"></status>
</kw>
<status status="PASS" starttime="20190213 01:32:12.677" endtime="20190213 01:32:12.752"></status>
</kw>
<kw name="Input Password" library="login_steps">
<arguments>
<arg>secret_sauce</arg>
</arguments>
<kw name="Input Text" library="SeleniumLibrary">
<doc>Types the given ``text`` into text field identified by ``locator``.</doc>
<arguments>
<arg>password</arg>
<arg>${password}</arg>
</arguments>
<msg timestamp="20190213 01:32:12.753" level="INFO">Typing text 'secret_sauce' into text field 'password'.</msg>
<status status="PASS" starttime="20190213 01:32:12.753" endtime="20190213 01:32:12.802"></status>
</kw>
<status status="PASS" starttime="20190213 01:32:12.752" endtime="20190213 01:32:12.802"></status>
</kw>
<kw name="Submit Credentials" library="login_steps">
<kw name="Click Button" library="SeleniumLibrary">
<doc>Clicks button identified by ``locator``.</doc>
<arguments>
<arg>class:login-button</arg>
</arguments>
<msg timestamp="20190213 01:32:12.803" level="INFO">Clicking button 'class:login-button'.</msg>
<status status="PASS" starttime="20190213 01:32:12.803" endtime="20190213 01:32:14.509"></status>
</kw>
<status status="PASS" starttime="20190213 01:32:12.802" endtime="20190213 01:32:14.511"></status>
</kw>
<kw name="Welcome Page Should Be Open" library="login_steps">
<kw name="Location Should Be" library="SeleniumLibrary">
<doc>Verifies that current URL is exactly ``url``.</doc>
<arguments>
<arg>${WELCOME URL}</arg>
</arguments>
<msg timestamp="20190213 01:32:14.519" level="INFO">Current location is 'https://www.saucedemo.com/inventory.html'.</msg>
<status status="PASS" starttime="20190213 01:32:14.513" endtime="20190213 01:32:14.520"></status>
</kw>
<status status="PASS" starttime="20190213 01:32:14.511" endtime="20190213 01:32:14.521"></status>
</kw>
<kw name="Quit Tests" library="resource" type="teardown">
<kw name="Capture Page Screenshot" library="SeleniumLibrary">
<doc>Takes screenshot of the current page and embeds it into log file.</doc>
<arguments>
<arg>./screenshots/${TEST_NAME}.png</arg>
</arguments>
<msg timestamp="20190213 01:32:14.851" level="INFO" html="yes">&lt;/td&gt;&lt;/tr&gt;&lt;tr&gt;&lt;td colspan="3"&gt;&lt;a href="screenshots/Valid%20Login.png"&gt;&lt;img src="screenshots/Valid%20Login.png" width="800px"&gt;&lt;/a&gt;</msg>
<status status="PASS" starttime="20190213 01:32:14.522" endtime="20190213 01:32:14.852"></status>
</kw>
<kw name="Close All Browsers" library="SeleniumLibrary">
<doc>Closes all open browsers and resets the browser cache.</doc>
<status status="PASS" starttime="20190213 01:32:14.852" endtime="20190213 01:32:15.757"></status>
</kw>
<status status="PASS" starttime="20190213 01:32:14.521" endtime="20190213 01:32:15.757"></status>
</kw>
<tags>
<tag>login</tag>
</tags>
<status status="PASS" starttime="20190213 01:32:05.715" endtime="20190213 01:32:15.757" critical="yes"></status>
</test>
<test id="s1-t2" name="Invalid Login">
<kw name="Init Tests" library="resource" type="setup">
<kw name="Open Browser" library="SeleniumLibrary">
<doc>Opens a new browser instance to the given ``url``.</doc>
<arguments>
<arg>${LOGIN URL}</arg>
<arg>${BROWSER}</arg>
</arguments>
<msg timestamp="20190213 01:32:15.760" level="INFO">Opening browser 'Firefox' to base url 'https://www.saucedemo.com/'.</msg>
<status status="PASS" starttime="20190213 01:32:15.760" endtime="20190213 01:32:22.629"></status>
</kw>
<kw name="Maximize Browser Window" library="SeleniumLibrary">
<doc>Maximizes current browser window.</doc>
<status status="PASS" starttime="20190213 01:32:22.629" endtime="20190213 01:32:22.915"></status>
</kw>
<kw name="Set Selenium Speed" library="SeleniumLibrary">
<doc>Sets the delay that is waited after each Selenium command.</doc>
<arguments>
<arg>${DELAY}</arg>
</arguments>
<status status="PASS" starttime="20190213 01:32:22.915" endtime="20190213 01:32:22.916"></status>
</kw>
<status status="PASS" starttime="20190213 01:32:15.759" endtime="20190213 01:32:22.916"></status>
</kw>
<kw name="See Login Page" library="login_steps">
<kw name="Title Should Be" library="SeleniumLibrary">
<doc>Verifies that current page title equals ``title``.</doc>
<arguments>
<arg>Swag Labs</arg>
</arguments>
<msg timestamp="20190213 01:32:22.922" level="INFO">Page title is 'Swag Labs'.</msg>
<status status="PASS" starttime="20190213 01:32:22.917" endtime="20190213 01:32:22.922"></status>
</kw>
<status status="PASS" starttime="20190213 01:32:22.917" endtime="20190213 01:32:22.922"></status>
</kw>
<kw name="Input Username" library="login_steps">
<arguments>
<arg>invalid_user</arg>
</arguments>
<kw name="Input Text" library="SeleniumLibrary">
<doc>Types the given ``text`` into text field identified by ``locator``.</doc>
<arguments>
<arg>user-name</arg>
<arg>${username}</arg>
</arguments>
<msg timestamp="20190213 01:32:22.923" level="INFO">Typing text 'invalid_user' into text field 'user-name'.</msg>
<status status="PASS" starttime="20190213 01:32:22.923" endtime="20190213 01:32:22.981"></status>
</kw>
<status status="PASS" starttime="20190213 01:32:22.922" endtime="20190213 01:32:22.981"></status>
</kw>
<kw name="Input Password" library="login_steps">
<arguments>
<arg>secret_sauce</arg>
</arguments>
<kw name="Input Text" library="SeleniumLibrary">
<doc>Types the given ``text`` into text field identified by ``locator``.</doc>
<arguments>
<arg>password</arg>
<arg>${password}</arg>
</arguments>
<msg timestamp="20190213 01:32:22.981" level="INFO">Typing text 'secret_sauce' into text field 'password'.</msg>
<status status="PASS" starttime="20190213 01:32:22.981" endtime="20190213 01:32:23.027"></status>
</kw>
<status status="PASS" starttime="20190213 01:32:22.981" endtime="20190213 01:32:23.027"></status>
</kw>
<kw name="Submit Credentials" library="login_steps">
<kw name="Click Button" library="SeleniumLibrary">
<doc>Clicks button identified by ``locator``.</doc>
<arguments>
<arg>class:login-button</arg>
</arguments>
<msg timestamp="20190213 01:32:23.028" level="INFO">Clicking button 'class:login-button'.</msg>
<status status="PASS" starttime="20190213 01:32:23.028" endtime="20190213 01:32:23.269"></status>
</kw>
<status status="PASS" starttime="20190213 01:32:23.028" endtime="20190213 01:32:23.269"></status>
</kw>
<kw name="Should see the message" library="validation_steps">
<arguments>
<arg>Username and password do not match any user in this service</arg>
</arguments>
<kw name="Page Should Contain" library="SeleniumLibrary">
<doc>Verifies that current page contains ``text``.</doc>
<arguments>
<arg>${message}</arg>
</arguments>
<msg timestamp="20190213 01:32:23.314" level="INFO">Current page contains text 'Username and password do not match any user in this service'.</msg>
<status status="PASS" starttime="20190213 01:32:23.272" endtime="20190213 01:32:23.315"></status>
</kw>
<status status="PASS" starttime="20190213 01:32:23.270" endtime="20190213 01:32:23.316"></status>
</kw>
<kw name="Quit Tests" library="resource" type="teardown">
<kw name="Capture Page Screenshot" library="SeleniumLibrary">
<doc>Takes screenshot of the current page and embeds it into log file.</doc>
<arguments>
<arg>./screenshots/${TEST_NAME}.png</arg>
</arguments>
<msg timestamp="20190213 01:32:23.469" level="INFO" html="yes">&lt;/td&gt;&lt;/tr&gt;&lt;tr&gt;&lt;td colspan="3"&gt;&lt;a href="screenshots/Invalid%20Login.png"&gt;&lt;img src="screenshots/Invalid%20Login.png" width="800px"&gt;&lt;/a&gt;</msg>
<status status="PASS" starttime="20190213 01:32:23.319" endtime="20190213 01:32:23.469"></status>
</kw>
<kw name="Close All Browsers" library="SeleniumLibrary">
<doc>Closes all open browsers and resets the browser cache.</doc>
<status status="PASS" starttime="20190213 01:32:23.470" endtime="20190213 01:32:24.382"></status>
</kw>
<status status="PASS" starttime="20190213 01:32:23.317" endtime="20190213 01:32:24.382"></status>
</kw>
<tags>
<tag>invalid_login</tag>
</tags>
<status status="PASS" starttime="20190213 01:32:15.758" endtime="20190213 01:32:24.382" critical="yes"></status>
</test>
<doc>A test suite with test scenarios for validate login feature.</doc>
<status status="PASS" starttime="20190213 01:32:05.602" endtime="20190213 01:32:24.383"></status>
</suite>
<statistics>
<total>
<stat pass="2" fail="0">Critical Tests</stat>
<stat pass="2" fail="0">All Tests</stat>
</total>
<tag>
<stat pass="1" fail="0">invalid_login</stat>
<stat pass="1" fail="0">login</stat>
</tag>
<suite>
<stat pass="2" fail="0" id="s1" name="Login">Login</stat>
</suite>
</statistics>
<errors>
</errors>
</robot>
