<?xml version="1.0" encoding="UTF-8"?>
<robot generator="Robot 3.1.1 (Python 3.6.7 on linux)" generated="20190213 00:36:41.825" rpa="false">
<suite id="s1" name="Specs" source="/home/joao/DEV/python/robot_tests/features/specs">
<suite id="s1-s1" name="Invalid Login" source="/home/joao/DEV/python/robot_tests/features/specs/invalid_login.robot">
<kw name="Init Tests" library="resource" type="setup">
<kw name="Open Browser" library="SeleniumLibrary">
<doc>Opens a new browser instance to the given ``url``.</doc>
<arguments>
<arg>${LOGIN URL}</arg>
<arg>${BROWSER}</arg>
</arguments>
<msg timestamp="20190213 00:36:41.948" level="INFO">Opening browser 'Firefox' to base url 'https://www.saucedemo.com/'.</msg>
<status status="PASS" starttime="20190213 00:36:41.948" endtime="20190213 00:36:48.707"></status>
</kw>
<kw name="Maximize Browser Window" library="SeleniumLibrary">
<doc>Maximizes current browser window.</doc>
<status status="PASS" starttime="20190213 00:36:48.707" endtime="20190213 00:36:48.998"></status>
</kw>
<kw name="Set Selenium Speed" library="SeleniumLibrary">
<doc>Sets the delay that is waited after each Selenium command.</doc>
<arguments>
<arg>${DELAY}</arg>
</arguments>
<status status="PASS" starttime="20190213 00:36:48.998" endtime="20190213 00:36:49.001"></status>
</kw>
<status status="PASS" starttime="20190213 00:36:41.947" endtime="20190213 00:36:49.002"></status>
</kw>
<test id="s1-s1-t1" name="Invalid Login">
<kw name="Input Username" library="login_steps">
<arguments>
<arg>invalid_user</arg>
</arguments>
<kw name="Input Text" library="SeleniumLibrary">
<doc>Types the given ``text`` into text field identified by ``locator``.</doc>
<arguments>
<arg>user-name</arg>
<arg>${username}</arg>
</arguments>
<msg timestamp="20190213 00:36:49.006" level="INFO">Typing text 'invalid_user' into text field 'user-name'.</msg>
<status status="PASS" starttime="20190213 00:36:49.006" endtime="20190213 00:36:49.075"></status>
</kw>
<status status="PASS" starttime="20190213 00:36:49.005" endtime="20190213 00:36:49.075"></status>
</kw>
<kw name="Input Password" library="login_steps">
<arguments>
<arg>secret_sauce</arg>
</arguments>
<kw name="Input Text" library="SeleniumLibrary">
<doc>Types the given ``text`` into text field identified by ``locator``.</doc>
<arguments>
<arg>password</arg>
<arg>${password}</arg>
</arguments>
<msg timestamp="20190213 00:36:49.076" level="INFO">Typing text 'secret_sauce' into text field 'password'.</msg>
<status status="PASS" starttime="20190213 00:36:49.075" endtime="20190213 00:36:49.120"></status>
</kw>
<status status="PASS" starttime="20190213 00:36:49.075" endtime="20190213 00:36:49.120"></status>
</kw>
<kw name="Submit Credentials" library="login_steps">
<kw name="Click Button" library="SeleniumLibrary">
<doc>Clicks button identified by ``locator``.</doc>
<arguments>
<arg>class:login-button</arg>
</arguments>
<msg timestamp="20190213 00:36:49.121" level="INFO">Clicking button 'class:login-button'.</msg>
<status status="PASS" starttime="20190213 00:36:49.121" endtime="20190213 00:36:49.361"></status>
</kw>
<status status="PASS" starttime="20190213 00:36:49.121" endtime="20190213 00:36:49.362"></status>
</kw>
<kw name="Should see the message" library="validation_steps">
<arguments>
<arg>Username and password do not match any user in this service</arg>
</arguments>
<kw name="Page Should Contain" library="SeleniumLibrary">
<doc>Verifies that current page contains ``text``.</doc>
<arguments>
<arg>${message}</arg>
</arguments>
<msg timestamp="20190213 00:36:49.402" level="INFO">Current page contains text 'Username and password do not match any user in this service'.</msg>
<status status="PASS" starttime="20190213 00:36:49.364" endtime="20190213 00:36:49.402"></status>
</kw>
<status status="PASS" starttime="20190213 00:36:49.363" endtime="20190213 00:36:49.403"></status>
</kw>
<status status="PASS" starttime="20190213 00:36:49.002" endtime="20190213 00:36:49.403" critical="yes"></status>
</test>
<kw name="Quit Tests" library="resource" type="teardown">
<kw name="Close All Browsers" library="SeleniumLibrary">
<doc>Closes all open browsers and resets the browser cache.</doc>
<status status="PASS" starttime="20190213 00:36:49.406" endtime="20190213 00:36:50.322"></status>
</kw>
<status status="PASS" starttime="20190213 00:36:49.405" endtime="20190213 00:36:50.323"></status>
</kw>
<doc>A test suite with test scenarios for validate login feature.</doc>
<status status="PASS" starttime="20190213 00:36:41.845" endtime="20190213 00:36:50.323"></status>
</suite>
<suite id="s1-s2" name="Login" source="/home/joao/DEV/python/robot_tests/features/specs/login.robot">
<kw name="Init Tests" library="resource" type="setup">
<kw name="Open Browser" library="SeleniumLibrary">
<doc>Opens a new browser instance to the given ``url``.</doc>
<arguments>
<arg>${LOGIN URL}</arg>
<arg>${BROWSER}</arg>
</arguments>
<msg timestamp="20190213 00:36:50.341" level="INFO">Opening browser 'Firefox' to base url 'https://www.saucedemo.com/'.</msg>
<status status="PASS" starttime="20190213 00:36:50.340" endtime="20190213 00:36:57.190"></status>
</kw>
<kw name="Maximize Browser Window" library="SeleniumLibrary">
<doc>Maximizes current browser window.</doc>
<status status="PASS" starttime="20190213 00:36:57.190" endtime="20190213 00:36:57.491"></status>
</kw>
<kw name="Set Selenium Speed" library="SeleniumLibrary">
<doc>Sets the delay that is waited after each Selenium command.</doc>
<arguments>
<arg>${DELAY}</arg>
</arguments>
<status status="PASS" starttime="20190213 00:36:57.492" endtime="20190213 00:36:57.494"></status>
</kw>
<status status="PASS" starttime="20190213 00:36:50.339" endtime="20190213 00:36:57.494"></status>
</kw>
<test id="s1-s2-t1" name="Valid Login">
<kw name="See Login Page" library="login_steps">
<kw name="Title Should Be" library="SeleniumLibrary">
<doc>Verifies that current page title equals ``title``.</doc>
<arguments>
<arg>Swag Labs</arg>
</arguments>
<msg timestamp="20190213 00:36:57.518" level="INFO">Page title is 'Swag Labs'.</msg>
<status status="PASS" starttime="20190213 00:36:57.499" endtime="20190213 00:36:57.519"></status>
</kw>
<status status="PASS" starttime="20190213 00:36:57.498" endtime="20190213 00:36:57.519"></status>
</kw>
<kw name="Input Username" library="login_steps">
<arguments>
<arg>standard_user</arg>
</arguments>
<kw name="Input Text" library="SeleniumLibrary">
<doc>Types the given ``text`` into text field identified by ``locator``.</doc>
<arguments>
<arg>user-name</arg>
<arg>${username}</arg>
</arguments>
<msg timestamp="20190213 00:36:57.524" level="INFO">Typing text 'standard_user' into text field 'user-name'.</msg>
<status status="PASS" starttime="20190213 00:36:57.523" endtime="20190213 00:36:57.647"></status>
</kw>
<status status="PASS" starttime="20190213 00:36:57.520" endtime="20190213 00:36:57.647"></status>
</kw>
<kw name="Input Password" library="login_steps">
<arguments>
<arg>secret_sauce</arg>
</arguments>
<kw name="Input Text" library="SeleniumLibrary">
<doc>Types the given ``text`` into text field identified by ``locator``.</doc>
<arguments>
<arg>password</arg>
<arg>${password}</arg>
</arguments>
<msg timestamp="20190213 00:36:57.648" level="INFO">Typing text 'secret_sauce' into text field 'password'.</msg>
<status status="PASS" starttime="20190213 00:36:57.648" endtime="20190213 00:36:57.690"></status>
</kw>
<status status="PASS" starttime="20190213 00:36:57.647" endtime="20190213 00:36:57.690"></status>
</kw>
<kw name="Submit Credentials" library="login_steps">
<kw name="Click Button" library="SeleniumLibrary">
<doc>Clicks button identified by ``locator``.</doc>
<arguments>
<arg>class:login-button</arg>
</arguments>
<msg timestamp="20190213 00:36:57.691" level="INFO">Clicking button 'class:login-button'.</msg>
<status status="PASS" starttime="20190213 00:36:57.691" endtime="20190213 00:36:59.483"></status>
</kw>
<status status="PASS" starttime="20190213 00:36:57.691" endtime="20190213 00:36:59.483"></status>
</kw>
<kw name="Welcome Page Should Be Open" library="login_steps">
<kw name="Location Should Be" library="SeleniumLibrary">
<doc>Verifies that current URL is exactly ``url``.</doc>
<arguments>
<arg>${WELCOME URL}</arg>
</arguments>
<msg timestamp="20190213 00:36:59.489" level="INFO">Current location is 'https://www.saucedemo.com/inventory.html'.</msg>
<status status="PASS" starttime="20190213 00:36:59.484" endtime="20190213 00:36:59.490"></status>
</kw>
<status status="PASS" starttime="20190213 00:36:59.484" endtime="20190213 00:36:59.490"></status>
</kw>
<status status="PASS" starttime="20190213 00:36:57.495" endtime="20190213 00:36:59.490" critical="yes"></status>
</test>
<kw name="Quit Tests" library="resource" type="teardown">
<kw name="Close All Browsers" library="SeleniumLibrary">
<doc>Closes all open browsers and resets the browser cache.</doc>
<status status="PASS" starttime="20190213 00:36:59.492" endtime="20190213 00:37:00.623"></status>
</kw>
<status status="PASS" starttime="20190213 00:36:59.491" endtime="20190213 00:37:00.623"></status>
</kw>
<doc>A test suite with test scenarios for validate login feature.</doc>
<status status="PASS" starttime="20190213 00:36:50.326" endtime="20190213 00:37:00.623"></status>
</suite>
<suite id="s1-s3" name="Products" source="/home/joao/DEV/python/robot_tests/features/specs/products.robot">
<kw name="Init Tests" library="resource" type="setup">
<kw name="Open Browser" library="SeleniumLibrary">
<doc>Opens a new browser instance to the given ``url``.</doc>
<arguments>
<arg>${LOGIN URL}</arg>
<arg>${BROWSER}</arg>
</arguments>
<msg timestamp="20190213 00:37:00.648" level="INFO">Opening browser 'Firefox' to base url 'https://www.saucedemo.com/'.</msg>
<status status="PASS" starttime="20190213 00:37:00.648" endtime="20190213 00:37:07.340"></status>
</kw>
<kw name="Maximize Browser Window" library="SeleniumLibrary">
<doc>Maximizes current browser window.</doc>
<status status="PASS" starttime="20190213 00:37:07.340" endtime="20190213 00:37:07.623"></status>
</kw>
<kw name="Set Selenium Speed" library="SeleniumLibrary">
<doc>Sets the delay that is waited after each Selenium command.</doc>
<arguments>
<arg>${DELAY}</arg>
</arguments>
<status status="PASS" starttime="20190213 00:37:07.624" endtime="20190213 00:37:07.626"></status>
</kw>
<status status="PASS" starttime="20190213 00:37:00.648" endtime="20190213 00:37:07.627"></status>
</kw>
<test id="s1-s3-t1" name="Operate Cart">
<kw name="Input Username" library="login_steps">
<arguments>
<arg>standard_user</arg>
</arguments>
<kw name="Input Text" library="SeleniumLibrary">
<doc>Types the given ``text`` into text field identified by ``locator``.</doc>
<arguments>
<arg>user-name</arg>
<arg>${username}</arg>
</arguments>
<msg timestamp="20190213 00:37:07.634" level="INFO">Typing text 'standard_user' into text field 'user-name'.</msg>
<status status="PASS" starttime="20190213 00:37:07.633" endtime="20190213 00:37:07.708"></status>
</kw>
<status status="PASS" starttime="20190213 00:37:07.631" endtime="20190213 00:37:07.708"></status>
</kw>
<kw name="Input Password" library="login_steps">
<arguments>
<arg>secret_sauce</arg>
</arguments>
<kw name="Input Text" library="SeleniumLibrary">
<doc>Types the given ``text`` into text field identified by ``locator``.</doc>
<arguments>
<arg>password</arg>
<arg>${password}</arg>
</arguments>
<msg timestamp="20190213 00:37:07.709" level="INFO">Typing text 'secret_sauce' into text field 'password'.</msg>
<status status="PASS" starttime="20190213 00:37:07.708" endtime="20190213 00:37:07.755"></status>
</kw>
<status status="PASS" starttime="20190213 00:37:07.708" endtime="20190213 00:37:07.755"></status>
</kw>
<kw name="Submit Credentials" library="login_steps">
<kw name="Click Button" library="SeleniumLibrary">
<doc>Clicks button identified by ``locator``.</doc>
<arguments>
<arg>class:login-button</arg>
</arguments>
<msg timestamp="20190213 00:37:07.757" level="INFO">Clicking button 'class:login-button'.</msg>
<status status="PASS" starttime="20190213 00:37:07.756" endtime="20190213 00:37:09.733"></status>
</kw>
<status status="PASS" starttime="20190213 00:37:07.756" endtime="20190213 00:37:09.733"></status>
</kw>
<kw name="Welcome Page Should Be Open" library="login_steps">
<kw name="Location Should Be" library="SeleniumLibrary">
<doc>Verifies that current URL is exactly ``url``.</doc>
<arguments>
<arg>${WELCOME URL}</arg>
</arguments>
<msg timestamp="20190213 00:37:09.739" level="INFO">Current location is 'https://www.saucedemo.com/inventory.html'.</msg>
<status status="PASS" starttime="20190213 00:37:09.734" endtime="20190213 00:37:09.739"></status>
</kw>
<status status="PASS" starttime="20190213 00:37:09.733" endtime="20190213 00:37:09.740"></status>
</kw>
<kw name="Add 3 products on the cart" library="products_steps">
<kw name="Click Element" library="SeleniumLibrary">
<doc>Click element identified by ``locator``.</doc>
<arguments>
<arg>class:add-to-cart-button</arg>
</arguments>
<msg timestamp="20190213 00:37:09.742" level="INFO">Clicking element 'class:add-to-cart-button'.</msg>
<status status="PASS" starttime="20190213 00:37:09.741" endtime="20190213 00:37:10.010"></status>
</kw>
<kw name="Click Element" library="SeleniumLibrary">
<doc>Click element identified by ``locator``.</doc>
<arguments>
<arg>class:add-to-cart-button</arg>
</arguments>
<msg timestamp="20190213 00:37:10.011" level="INFO">Clicking element 'class:add-to-cart-button'.</msg>
<status status="PASS" starttime="20190213 00:37:10.010" endtime="20190213 00:37:10.286"></status>
</kw>
<kw name="Click Element" library="SeleniumLibrary">
<doc>Click element identified by ``locator``.</doc>
<arguments>
<arg>class:add-to-cart-button</arg>
</arguments>
<msg timestamp="20190213 00:37:10.288" level="INFO">Clicking element 'class:add-to-cart-button'.</msg>
<status status="PASS" starttime="20190213 00:37:10.287" endtime="20190213 00:37:10.549"></status>
</kw>
<status status="PASS" starttime="20190213 00:37:09.740" endtime="20190213 00:37:10.550"></status>
</kw>
<kw name="Remove 1 product from the cart" library="products_steps">
<kw name="Click Element" library="SeleniumLibrary">
<doc>Click element identified by ``locator``.</doc>
<arguments>
<arg>class:remove-from-cart-button</arg>
</arguments>
<msg timestamp="20190213 00:37:10.553" level="INFO">Clicking element 'class:remove-from-cart-button'.</msg>
<status status="PASS" starttime="20190213 00:37:10.552" endtime="20190213 00:37:10.813"></status>
</kw>
<status status="PASS" starttime="20190213 00:37:10.551" endtime="20190213 00:37:10.814"></status>
</kw>
<kw name="Shopping Cart Should have 2 products" library="products_steps">
<kw name="Element Text Should Be" library="SeleniumLibrary">
<doc>Verifies that element ``locator`` contains exact text ``expected``.</doc>
<arguments>
<arg>class:shopping_cart_badge</arg>
<arg>2</arg>
</arguments>
<msg timestamp="20190213 00:37:10.817" level="INFO">Verifying element 'class:shopping_cart_badge' contains exact text '2'.</msg>
<status status="PASS" starttime="20190213 00:37:10.816" endtime="20190213 00:37:10.866"></status>
</kw>
<status status="PASS" starttime="20190213 00:37:10.815" endtime="20190213 00:37:10.866"></status>
</kw>
<kw name="Go to checkout page" library="checkout_steps">
<kw name="Click Link" library="SeleniumLibrary">
<doc>Clicks a link identified by ``locator``.</doc>
<arguments>
<arg>class:shopping_cart_link</arg>
</arguments>
<msg timestamp="20190213 00:37:10.867" level="INFO">Clicking link 'class:shopping_cart_link'.</msg>
<status status="PASS" starttime="20190213 00:37:10.867" endtime="20190213 00:37:11.241"></status>
</kw>
<kw name="Click Link" library="SeleniumLibrary">
<doc>Clicks a link identified by ``locator``.</doc>
<arguments>
<arg>class:cart_checkout_link</arg>
</arguments>
<msg timestamp="20190213 00:37:11.242" level="INFO">Clicking link 'class:cart_checkout_link'.</msg>
<status status="PASS" starttime="20190213 00:37:11.242" endtime="20190213 00:37:11.640"></status>
</kw>
<status status="PASS" starttime="20190213 00:37:10.866" endtime="20190213 00:37:11.641"></status>
</kw>
<kw name="Fill Checkout informations" library="checkout_steps">
<kw name="Input Text" library="SeleniumLibrary">
<doc>Types the given ``text`` into text field identified by ``locator``.</doc>
<arguments>
<arg>class:checkout-input[placeholder="First Name"]</arg>
<arg>Teste</arg>
</arguments>
<msg timestamp="20190213 00:37:11.643" level="INFO">Typing text 'Teste' into text field 'class:checkout-input[placeholder="First Name"]'.</msg>
<status status="PASS" starttime="20190213 00:37:11.643" endtime="20190213 00:37:11.688"></status>
</kw>
<kw name="Input Text" library="SeleniumLibrary">
<doc>Types the given ``text`` into text field identified by ``locator``.</doc>
<arguments>
<arg>class:checkout-input[placeholder="Last Name"]</arg>
<arg>Lorena</arg>
</arguments>
<msg timestamp="20190213 00:37:11.689" level="INFO">Typing text 'Lorena' into text field 'class:checkout-input[placeholder="Last Name"]'.</msg>
<status status="PASS" starttime="20190213 00:37:11.689" endtime="20190213 00:37:11.719"></status>
</kw>
<kw name="Input Text" library="SeleniumLibrary">
<doc>Types the given ``text`` into text field identified by ``locator``.</doc>
<arguments>
<arg>class:checkout-input[placeholder="Zip/Postal Code"]</arg>
<arg>40000</arg>
</arguments>
<msg timestamp="20190213 00:37:11.720" level="INFO">Typing text '40000' into text field 'class:checkout-input[placeholder="Zip/Postal Code"]'.</msg>
<status status="PASS" starttime="20190213 00:37:11.720" endtime="20190213 00:37:11.743"></status>
</kw>
<kw name="Click Element" library="SeleniumLibrary">
<doc>Click element identified by ``locator``.</doc>
<arguments>
<arg>class:cart_checkout_link</arg>
</arguments>
<msg timestamp="20190213 00:37:11.744" level="INFO">Clicking element 'class:cart_checkout_link'.</msg>
<status status="PASS" starttime="20190213 00:37:11.743" endtime="20190213 00:37:12.237"></status>
</kw>
<status status="PASS" starttime="20190213 00:37:11.642" endtime="20190213 00:37:12.238"></status>
</kw>
<kw name="See the total price" library="checkout_steps">
<kw name="Element Text Should Be" library="SeleniumLibrary">
<doc>Verifies that element ``locator`` contains exact text ``expected``.</doc>
<arguments>
<arg>class:summary_total_label</arg>
<arg>Total: $28.06</arg>
</arguments>
<msg timestamp="20190213 00:37:12.239" level="INFO">Verifying element 'class:summary_total_label' contains exact text 'Total: $28.06'.</msg>
<status status="PASS" starttime="20190213 00:37:12.238" endtime="20190213 00:37:12.257"></status>
</kw>
<status status="PASS" starttime="20190213 00:37:12.238" endtime="20190213 00:37:12.257"></status>
</kw>
<kw name="Finish the Shop" library="order_steps">
<kw name="Click Link" library="SeleniumLibrary">
<doc>Clicks a link identified by ``locator``.</doc>
<arguments>
<arg>class:cart_checkout_link</arg>
</arguments>
<msg timestamp="20190213 00:37:12.259" level="INFO">Clicking link 'class:cart_checkout_link'.</msg>
<status status="PASS" starttime="20190213 00:37:12.259" endtime="20190213 00:37:13.995"></status>
</kw>
<status status="PASS" starttime="20190213 00:37:12.258" endtime="20190213 00:37:13.996"></status>
</kw>
<kw name="Should see the message" library="validation_steps">
<arguments>
<arg>THANK YOU FOR YOUR ORDER</arg>
</arguments>
<kw name="Page Should Contain" library="SeleniumLibrary">
<doc>Verifies that current page contains ``text``.</doc>
<arguments>
<arg>${message}</arg>
</arguments>
<msg timestamp="20190213 00:37:14.051" level="INFO">Current page contains text 'THANK YOU FOR YOUR ORDER'.</msg>
<status status="PASS" starttime="20190213 00:37:13.998" endtime="20190213 00:37:14.051"></status>
</kw>
<status status="PASS" starttime="20190213 00:37:13.997" endtime="20190213 00:37:14.051"></status>
</kw>
<status status="PASS" starttime="20190213 00:37:07.628" endtime="20190213 00:37:14.051" critical="yes"></status>
</test>
<kw name="Quit Tests" library="resource" type="teardown">
<kw name="Close All Browsers" library="SeleniumLibrary">
<doc>Closes all open browsers and resets the browser cache.</doc>
<status status="PASS" starttime="20190213 00:37:14.052" endtime="20190213 00:37:14.953"></status>
</kw>
<status status="PASS" starttime="20190213 00:37:14.052" endtime="20190213 00:37:14.953"></status>
</kw>
<doc>A test suite with test scenarios for validate products feature.</doc>
<status status="PASS" starttime="20190213 00:37:00.628" endtime="20190213 00:37:14.953"></status>
</suite>
<status status="PASS" starttime="20190213 00:36:41.826" endtime="20190213 00:37:14.959"></status>
</suite>
<statistics>
<total>
<stat pass="3" fail="0">Critical Tests</stat>
<stat pass="3" fail="0">All Tests</stat>
</total>
<tag>
</tag>
<suite>
<stat pass="3" fail="0" id="s1" name="Specs">Specs</stat>
<stat pass="1" fail="0" id="s1-s1" name="Invalid Login">Specs.Invalid Login</stat>
<stat pass="1" fail="0" id="s1-s2" name="Login">Specs.Login</stat>
<stat pass="1" fail="0" id="s1-s3" name="Products">Specs.Products</stat>
</suite>
</statistics>
<errors>
</errors>
</robot>
