<?xml version="1.0" encoding="UTF-8"?>
<robot generator="Robot 3.1.1 (Python 3.6.7 on linux)" generated="20190213 03:10:19.465" rpa="false">
<suite id="s1" name="Login" source="/home/joao/DEV/python/robot_tests/features/specs/login.robot">
<test id="s1-t1" name="Valid Login">
<kw name="Init Tests" library="resource" type="setup">
<kw name="Open Browser" library="SeleniumLibrary">
<doc>Opens a new browser instance to the given ``url``.</doc>
<arguments>
<arg>${LOGIN URL}</arg>
<arg>${BROWSER}</arg>
</arguments>
<msg timestamp="20190213 03:10:19.849" level="INFO">Opening browser 'HeadlessFirefox' to base url 'https://www.saucedemo.com/'.</msg>
<status status="PASS" starttime="20190213 03:10:19.848" endtime="20190213 03:10:30.142"></status>
</kw>
<kw name="Maximize Browser Window" library="SeleniumLibrary">
<doc>Maximizes current browser window.</doc>
<status status="PASS" starttime="20190213 03:10:30.143" endtime="20190213 03:10:30.145"></status>
</kw>
<kw name="Set Selenium Speed" library="SeleniumLibrary">
<doc>Sets the delay that is waited after each Selenium command.</doc>
<arguments>
<arg>${DELAY}</arg>
</arguments>
<status status="PASS" starttime="20190213 03:10:30.146" endtime="20190213 03:10:30.146"></status>
</kw>
<status status="PASS" starttime="20190213 03:10:19.848" endtime="20190213 03:10:30.146"></status>
</kw>
<kw name="See Login Page" library="login_steps">
<kw name="Title Should Be" library="SeleniumLibrary">
<doc>Verifies that current page title equals ``title``.</doc>
<arguments>
<arg>Swag Labs</arg>
</arguments>
<msg timestamp="20190213 03:10:30.149" level="INFO">Page title is 'Swag Labs'.</msg>
<status status="PASS" starttime="20190213 03:10:30.147" endtime="20190213 03:10:30.150"></status>
</kw>
<status status="PASS" starttime="20190213 03:10:30.146" endtime="20190213 03:10:30.150"></status>
</kw>
<kw name="Input Username" library="login_steps">
<arguments>
<arg>standard_user</arg>
</arguments>
<kw name="Input Text" library="SeleniumLibrary">
<doc>Types the given ``text`` into text field identified by ``locator``.</doc>
<arguments>
<arg>user-name</arg>
<arg>${username}</arg>
</arguments>
<msg timestamp="20190213 03:10:30.150" level="INFO">Typing text 'standard_user' into text field 'user-name'.</msg>
<status status="PASS" starttime="20190213 03:10:30.150" endtime="20190213 03:10:30.206"></status>
</kw>
<status status="PASS" starttime="20190213 03:10:30.150" endtime="20190213 03:10:30.206"></status>
</kw>
<kw name="Input Password" library="login_steps">
<arguments>
<arg>secret_sauce</arg>
</arguments>
<kw name="Input Text" library="SeleniumLibrary">
<doc>Types the given ``text`` into text field identified by ``locator``.</doc>
<arguments>
<arg>password</arg>
<arg>${password}</arg>
</arguments>
<msg timestamp="20190213 03:10:30.208" level="INFO">Typing text 'secret_sauce' into text field 'password'.</msg>
<status status="PASS" starttime="20190213 03:10:30.207" endtime="20190213 03:10:30.247"></status>
</kw>
<status status="PASS" starttime="20190213 03:10:30.207" endtime="20190213 03:10:30.247"></status>
</kw>
<kw name="Submit Credentials" library="login_steps">
<kw name="Click Button" library="SeleniumLibrary">
<doc>Clicks button identified by ``locator``.</doc>
<arguments>
<arg>class:login-button</arg>
</arguments>
<msg timestamp="20190213 03:10:30.248" level="INFO">Clicking button 'class:login-button'.</msg>
<status status="PASS" starttime="20190213 03:10:30.248" endtime="20190213 03:10:32.756"></status>
</kw>
<status status="PASS" starttime="20190213 03:10:30.247" endtime="20190213 03:10:32.756"></status>
</kw>
<kw name="Welcome Page Should Be Open" library="login_steps">
<kw name="Location Should Be" library="SeleniumLibrary">
<doc>Verifies that current URL is exactly ``url``.</doc>
<arguments>
<arg>${WELCOME URL}</arg>
</arguments>
<msg timestamp="20190213 03:10:32.759" level="INFO">Current location is 'https://www.saucedemo.com/inventory.html'.</msg>
<status status="PASS" starttime="20190213 03:10:32.757" endtime="20190213 03:10:32.759"></status>
</kw>
<status status="PASS" starttime="20190213 03:10:32.757" endtime="20190213 03:10:32.759"></status>
</kw>
<kw name="Quit Tests" library="resource" type="teardown">
<kw name="Capture Page Screenshot" library="SeleniumLibrary">
<doc>Takes screenshot of the current page and embeds it into log file.</doc>
<arguments>
<arg>./screenshots/${TEST_NAME}.png</arg>
</arguments>
<msg timestamp="20190213 03:10:32.990" level="INFO" html="yes">&lt;/td&gt;&lt;/tr&gt;&lt;tr&gt;&lt;td colspan="3"&gt;&lt;a href="screenshots/Valid%20Login.png"&gt;&lt;img src="screenshots/Valid%20Login.png" width="800px"&gt;&lt;/a&gt;</msg>
<status status="PASS" starttime="20190213 03:10:32.760" endtime="20190213 03:10:32.990"></status>
</kw>
<kw name="Close All Browsers" library="SeleniumLibrary">
<doc>Closes all open browsers and resets the browser cache.</doc>
<status status="PASS" starttime="20190213 03:10:32.990" endtime="20190213 03:10:34.372"></status>
</kw>
<status status="PASS" starttime="20190213 03:10:32.759" endtime="20190213 03:10:34.372"></status>
</kw>
<tags>
<tag>login</tag>
</tags>
<status status="PASS" starttime="20190213 03:10:19.847" endtime="20190213 03:10:34.373" critical="yes"></status>
</test>
<test id="s1-t2" name="Invalid Login">
<kw name="Init Tests" library="resource" type="setup">
<kw name="Open Browser" library="SeleniumLibrary">
<doc>Opens a new browser instance to the given ``url``.</doc>
<arguments>
<arg>${LOGIN URL}</arg>
<arg>${BROWSER}</arg>
</arguments>
<msg timestamp="20190213 03:10:34.375" level="INFO">Opening browser 'HeadlessFirefox' to base url 'https://www.saucedemo.com/'.</msg>
<status status="PASS" starttime="20190213 03:10:34.374" endtime="20190213 03:10:40.323"></status>
</kw>
<kw name="Maximize Browser Window" library="SeleniumLibrary">
<doc>Maximizes current browser window.</doc>
<status status="PASS" starttime="20190213 03:10:40.323" endtime="20190213 03:10:40.325"></status>
</kw>
<kw name="Set Selenium Speed" library="SeleniumLibrary">
<doc>Sets the delay that is waited after each Selenium command.</doc>
<arguments>
<arg>${DELAY}</arg>
</arguments>
<status status="PASS" starttime="20190213 03:10:40.326" endtime="20190213 03:10:40.326"></status>
</kw>
<status status="PASS" starttime="20190213 03:10:34.374" endtime="20190213 03:10:40.326"></status>
</kw>
<kw name="See Login Page" library="login_steps">
<kw name="Title Should Be" library="SeleniumLibrary">
<doc>Verifies that current page title equals ``title``.</doc>
<arguments>
<arg>Swag Labs</arg>
</arguments>
<msg timestamp="20190213 03:10:40.329" level="INFO">Page title is 'Swag Labs'.</msg>
<status status="PASS" starttime="20190213 03:10:40.327" endtime="20190213 03:10:40.329"></status>
</kw>
<status status="PASS" starttime="20190213 03:10:40.326" endtime="20190213 03:10:40.330"></status>
</kw>
<kw name="Input Username" library="login_steps">
<arguments>
<arg>invalid_user</arg>
</arguments>
<kw name="Input Text" library="SeleniumLibrary">
<doc>Types the given ``text`` into text field identified by ``locator``.</doc>
<arguments>
<arg>user-name</arg>
<arg>${username}</arg>
</arguments>
<msg timestamp="20190213 03:10:40.330" level="INFO">Typing text 'invalid_user' into text field 'user-name'.</msg>
<status status="PASS" starttime="20190213 03:10:40.330" endtime="20190213 03:10:40.380"></status>
</kw>
<status status="PASS" starttime="20190213 03:10:40.330" endtime="20190213 03:10:40.380"></status>
</kw>
<kw name="Input Password" library="login_steps">
<arguments>
<arg>secret_sauce</arg>
</arguments>
<kw name="Input Text" library="SeleniumLibrary">
<doc>Types the given ``text`` into text field identified by ``locator``.</doc>
<arguments>
<arg>password</arg>
<arg>${password}</arg>
</arguments>
<msg timestamp="20190213 03:10:40.381" level="INFO">Typing text 'secret_sauce' into text field 'password'.</msg>
<status status="PASS" starttime="20190213 03:10:40.381" endtime="20190213 03:10:40.424"></status>
</kw>
<status status="PASS" starttime="20190213 03:10:40.380" endtime="20190213 03:10:40.424"></status>
</kw>
<kw name="Submit Credentials" library="login_steps">
<kw name="Click Button" library="SeleniumLibrary">
<doc>Clicks button identified by ``locator``.</doc>
<arguments>
<arg>class:login-button</arg>
</arguments>
<msg timestamp="20190213 03:10:40.425" level="INFO">Clicking button 'class:login-button'.</msg>
<status status="PASS" starttime="20190213 03:10:40.425" endtime="20190213 03:10:40.659"></status>
</kw>
<status status="PASS" starttime="20190213 03:10:40.424" endtime="20190213 03:10:40.659"></status>
</kw>
<kw name="Should see the message" library="validation_steps">
<arguments>
<arg>Username and password do not match any user in this service</arg>
</arguments>
<kw name="Page Should Contain" library="SeleniumLibrary">
<doc>Verifies that current page contains ``text``.</doc>
<arguments>
<arg>${message}</arg>
</arguments>
<msg timestamp="20190213 03:10:40.678" level="INFO">Current page contains text 'Username and password do not match any user in this service'.</msg>
<status status="PASS" starttime="20190213 03:10:40.660" endtime="20190213 03:10:40.678"></status>
</kw>
<status status="PASS" starttime="20190213 03:10:40.660" endtime="20190213 03:10:40.678"></status>
</kw>
<kw name="Quit Tests" library="resource" type="teardown">
<kw name="Capture Page Screenshot" library="SeleniumLibrary">
<doc>Takes screenshot of the current page and embeds it into log file.</doc>
<arguments>
<arg>./screenshots/${TEST_NAME}.png</arg>
</arguments>
<msg timestamp="20190213 03:10:40.789" level="INFO" html="yes">&lt;/td&gt;&lt;/tr&gt;&lt;tr&gt;&lt;td colspan="3"&gt;&lt;a href="screenshots/Invalid%20Login.png"&gt;&lt;img src="screenshots/Invalid%20Login.png" width="800px"&gt;&lt;/a&gt;</msg>
<status status="PASS" starttime="20190213 03:10:40.679" endtime="20190213 03:10:40.789"></status>
</kw>
<kw name="Close All Browsers" library="SeleniumLibrary">
<doc>Closes all open browsers and resets the browser cache.</doc>
<status status="PASS" starttime="20190213 03:10:40.789" endtime="20190213 03:10:42.182"></status>
</kw>
<status status="PASS" starttime="20190213 03:10:40.679" endtime="20190213 03:10:42.182"></status>
</kw>
<tags>
<tag>invalid_login</tag>
</tags>
<status status="PASS" starttime="20190213 03:10:34.373" endtime="20190213 03:10:42.182" critical="yes"></status>
</test>
<doc>A test suite with test scenarios for validate login feature.</doc>
<status status="PASS" starttime="20190213 03:10:19.466" endtime="20190213 03:10:42.183"></status>
</suite>
<statistics>
<total>
<stat pass="2" fail="0">Critical Tests</stat>
<stat pass="2" fail="0">All Tests</stat>
</total>
<tag>
<stat pass="1" fail="0">invalid_login</stat>
<stat pass="1" fail="0">login</stat>
</tag>
<suite>
<stat pass="2" fail="0" id="s1" name="Login">Login</stat>
</suite>
</statistics>
<errors>
</errors>
</robot>
