<?xml version="1.0" encoding="UTF-8"?>
<robot generator="Robot 3.1.1 (Python 3.6.7 on linux)" generated="20190212 20:27:43.488" rpa="false">
<suite id="s1" name="Log In" source="/home/joao/DEV/python/robot_tests/log_in.robot">
<test id="s1-t1" name="Valid Login">
<kw name="Open Browser To Login Page" library="login_steps">
<kw name="Open Browser" library="SeleniumLibrary">
<doc>Opens a new browser instance to the given ``url``.</doc>
<arguments>
<arg>${LOGIN URL}</arg>
<arg>${BROWSER}</arg>
</arguments>
<msg timestamp="20190212 20:27:43.603" level="INFO">Opening browser 'Firefox' to base url 'https://www.saucedemo.com/'.</msg>
<status status="PASS" starttime="20190212 20:27:43.602" endtime="20190212 20:27:51.907"></status>
</kw>
<kw name="Maximize Browser Window" library="SeleniumLibrary">
<doc>Maximizes current browser window.</doc>
<status status="PASS" starttime="20190212 20:27:51.907" endtime="20190212 20:27:52.189"></status>
</kw>
<kw name="Set Selenium Speed" library="SeleniumLibrary">
<doc>Sets the delay that is waited after each Selenium command.</doc>
<arguments>
<arg>${DELAY}</arg>
</arguments>
<status status="PASS" starttime="20190212 20:27:52.190" endtime="20190212 20:27:52.191"></status>
</kw>
<kw name="Login Page Should Be Open" library="login_steps">
<kw name="Title Should Be" library="SeleniumLibrary">
<doc>Verifies that current page title equals ``title``.</doc>
<arguments>
<arg>Swag Labs</arg>
</arguments>
<msg timestamp="20190212 20:27:52.199" level="INFO">Page title is 'Swag Labs'.</msg>
<status status="PASS" starttime="20190212 20:27:52.193" endtime="20190212 20:27:52.200"></status>
</kw>
<status status="PASS" starttime="20190212 20:27:52.191" endtime="20190212 20:27:52.200"></status>
</kw>
<status status="PASS" starttime="20190212 20:27:43.602" endtime="20190212 20:27:52.200"></status>
</kw>
<kw name="Input Username" library="login_steps">
<arguments>
<arg>standard_user</arg>
</arguments>
<kw name="Input Text" library="SeleniumLibrary">
<doc>Types the given ``text`` into text field identified by ``locator``.</doc>
<arguments>
<arg>user-name</arg>
<arg>${username}</arg>
</arguments>
<msg timestamp="20190212 20:27:52.202" level="INFO">Typing text 'standard_user' into text field 'user-name'.</msg>
<status status="PASS" starttime="20190212 20:27:52.201" endtime="20190212 20:27:52.256"></status>
</kw>
<status status="PASS" starttime="20190212 20:27:52.200" endtime="20190212 20:27:52.257"></status>
</kw>
<kw name="Input Password" library="login_steps">
<arguments>
<arg>secret_sauce</arg>
</arguments>
<kw name="Input Text" library="SeleniumLibrary">
<doc>Types the given ``text`` into text field identified by ``locator``.</doc>
<arguments>
<arg>password</arg>
<arg>${password}</arg>
</arguments>
<msg timestamp="20190212 20:27:52.258" level="INFO">Typing text 'secret_sauce' into text field 'password'.</msg>
<status status="PASS" starttime="20190212 20:27:52.257" endtime="20190212 20:27:52.300"></status>
</kw>
<status status="PASS" starttime="20190212 20:27:52.257" endtime="20190212 20:27:52.300"></status>
</kw>
<kw name="Submit Credentials" library="login_steps">
<kw name="Click Button" library="SeleniumLibrary">
<doc>Clicks button identified by ``locator``.</doc>
<arguments>
<arg>class:login-button</arg>
</arguments>
<msg timestamp="20190212 20:27:52.301" level="INFO">Clicking button 'class:login-button'.</msg>
<status status="PASS" starttime="20190212 20:27:52.300" endtime="20190212 20:27:57.190"></status>
</kw>
<status status="PASS" starttime="20190212 20:27:52.300" endtime="20190212 20:27:57.190"></status>
</kw>
<kw name="Welcome Page Should Be Open" library="login_steps">
<kw name="Location Should Be" library="SeleniumLibrary">
<doc>Verifies that current URL is exactly ``url``.</doc>
<arguments>
<arg>${WELCOME URL}</arg>
</arguments>
<msg timestamp="20190212 20:27:57.202" level="INFO">Current location is 'https://www.saucedemo.com/inventory.html'.</msg>
<status status="PASS" starttime="20190212 20:27:57.191" endtime="20190212 20:27:57.202"></status>
</kw>
<status status="PASS" starttime="20190212 20:27:57.190" endtime="20190212 20:27:57.202"></status>
</kw>
<status status="PASS" starttime="20190212 20:27:43.602" endtime="20190212 20:27:57.202" critical="yes"></status>
</test>
<test id="s1-t2" name="[Teardown] Close Browser">
<status status="FAIL" starttime="20190212 20:27:57.204" endtime="20190212 20:27:57.204" critical="yes">Test case contains no keywords.</status>
</test>
<doc>A test suite with test scenarios for validate login feature.</doc>
<status status="FAIL" starttime="20190212 20:27:43.489" endtime="20190212 20:27:57.205"></status>
</suite>
<statistics>
<total>
<stat pass="1" fail="1">Critical Tests</stat>
<stat pass="1" fail="1">All Tests</stat>
</total>
<tag>
</tag>
<suite>
<stat pass="1" fail="1" id="s1" name="Log In">Log In</stat>
</suite>
</statistics>
<errors>
</errors>
</robot>
