<?xml version="1.0" encoding="UTF-8"?>
<robot generator="Robot 3.1.1 (Python 3.6.7 on linux)" generated="20190212 22:29:14.710" rpa="false">
<suite id="s1" name="Products" source="/home/joao/DEV/python/robot_tests/products.robot">
<test id="s1-t1" name="Operate Cart">
<kw name="Open Browser To Login Page" library="login_steps">
<kw name="Open Browser" library="SeleniumLibrary">
<doc>Opens a new browser instance to the given ``url``.</doc>
<arguments>
<arg>${LOGIN URL}</arg>
<arg>${BROWSER}</arg>
</arguments>
<msg timestamp="20190212 22:29:14.829" level="INFO">Opening browser 'Firefox' to base url 'https://www.saucedemo.com/'.</msg>
<status status="PASS" starttime="20190212 22:29:14.828" endtime="20190212 22:29:24.149"></status>
</kw>
<kw name="Maximize Browser Window" library="SeleniumLibrary">
<doc>Maximizes current browser window.</doc>
<status status="PASS" starttime="20190212 22:29:24.149" endtime="20190212 22:29:24.429"></status>
</kw>
<kw name="Set Selenium Speed" library="SeleniumLibrary">
<doc>Sets the delay that is waited after each Selenium command.</doc>
<arguments>
<arg>${DELAY}</arg>
</arguments>
<status status="PASS" starttime="20190212 22:29:24.430" endtime="20190212 22:29:24.431"></status>
</kw>
<kw name="Login Page Should Be Open" library="login_steps">
<kw name="Title Should Be" library="SeleniumLibrary">
<doc>Verifies that current page title equals ``title``.</doc>
<arguments>
<arg>Swag Labs</arg>
</arguments>
<msg timestamp="20190212 22:29:24.443" level="INFO">Page title is 'Swag Labs'.</msg>
<status status="PASS" starttime="20190212 22:29:24.433" endtime="20190212 22:29:24.443"></status>
</kw>
<status status="PASS" starttime="20190212 22:29:24.432" endtime="20190212 22:29:24.443"></status>
</kw>
<status status="PASS" starttime="20190212 22:29:14.828" endtime="20190212 22:29:24.443"></status>
</kw>
<kw name="Input Username" library="login_steps">
<arguments>
<arg>standard_user</arg>
</arguments>
<kw name="Input Text" library="SeleniumLibrary">
<doc>Types the given ``text`` into text field identified by ``locator``.</doc>
<arguments>
<arg>user-name</arg>
<arg>${username}</arg>
</arguments>
<msg timestamp="20190212 22:29:24.445" level="INFO">Typing text 'standard_user' into text field 'user-name'.</msg>
<status status="PASS" starttime="20190212 22:29:24.445" endtime="20190212 22:29:24.503"></status>
</kw>
<status status="PASS" starttime="20190212 22:29:24.444" endtime="20190212 22:29:24.503"></status>
</kw>
<kw name="Input Password" library="login_steps">
<arguments>
<arg>secret_sauce</arg>
</arguments>
<kw name="Input Text" library="SeleniumLibrary">
<doc>Types the given ``text`` into text field identified by ``locator``.</doc>
<arguments>
<arg>password</arg>
<arg>${password}</arg>
</arguments>
<msg timestamp="20190212 22:29:24.503" level="INFO">Typing text 'secret_sauce' into text field 'password'.</msg>
<status status="PASS" starttime="20190212 22:29:24.503" endtime="20190212 22:29:24.546"></status>
</kw>
<status status="PASS" starttime="20190212 22:29:24.503" endtime="20190212 22:29:24.546"></status>
</kw>
<kw name="Submit Credentials" library="login_steps">
<kw name="Click Button" library="SeleniumLibrary">
<doc>Clicks button identified by ``locator``.</doc>
<arguments>
<arg>class:login-button</arg>
</arguments>
<msg timestamp="20190212 22:29:24.547" level="INFO">Clicking button 'class:login-button'.</msg>
<status status="PASS" starttime="20190212 22:29:24.547" endtime="20190212 22:29:28.928"></status>
</kw>
<status status="PASS" starttime="20190212 22:29:24.547" endtime="20190212 22:29:28.929"></status>
</kw>
<kw name="Welcome Page Should Be Open" library="login_steps">
<kw name="Location Should Be" library="SeleniumLibrary">
<doc>Verifies that current URL is exactly ``url``.</doc>
<arguments>
<arg>${WELCOME URL}</arg>
</arguments>
<msg timestamp="20190212 22:29:28.948" level="INFO">Current location is 'https://www.saucedemo.com/inventory.html'.</msg>
<status status="PASS" starttime="20190212 22:29:28.932" endtime="20190212 22:29:28.949"></status>
</kw>
<status status="PASS" starttime="20190212 22:29:28.930" endtime="20190212 22:29:28.949"></status>
</kw>
<kw name="Add 3 products on the cart" library="products_steps">
<kw name="Click Element" library="SeleniumLibrary">
<doc>Click element identified by ``locator``.</doc>
<arguments>
<arg>class:add-to-cart-button</arg>
</arguments>
<msg timestamp="20190212 22:29:28.952" level="INFO">Clicking element 'class:add-to-cart-button'.</msg>
<status status="PASS" starttime="20190212 22:29:28.952" endtime="20190212 22:29:29.285"></status>
</kw>
<kw name="Click Element" library="SeleniumLibrary">
<doc>Click element identified by ``locator``.</doc>
<arguments>
<arg>class:add-to-cart-button</arg>
</arguments>
<msg timestamp="20190212 22:29:29.287" level="INFO">Clicking element 'class:add-to-cart-button'.</msg>
<status status="PASS" starttime="20190212 22:29:29.286" endtime="20190212 22:29:29.573"></status>
</kw>
<kw name="Click Element" library="SeleniumLibrary">
<doc>Click element identified by ``locator``.</doc>
<arguments>
<arg>class:add-to-cart-button</arg>
</arguments>
<msg timestamp="20190212 22:29:29.575" level="INFO">Clicking element 'class:add-to-cart-button'.</msg>
<status status="PASS" starttime="20190212 22:29:29.574" endtime="20190212 22:29:29.839"></status>
</kw>
<status status="PASS" starttime="20190212 22:29:28.950" endtime="20190212 22:29:29.839"></status>
</kw>
<kw name="Remove 1 product from the cart" library="products_steps">
<kw name="Click Element" library="SeleniumLibrary">
<doc>Click element identified by ``locator``.</doc>
<arguments>
<arg>class:remove-from-cart-button</arg>
</arguments>
<msg timestamp="20190212 22:29:29.842" level="INFO">Clicking element 'class:remove-from-cart-button'.</msg>
<status status="PASS" starttime="20190212 22:29:29.841" endtime="20190212 22:29:30.102"></status>
</kw>
<status status="PASS" starttime="20190212 22:29:29.840" endtime="20190212 22:29:30.102"></status>
</kw>
<kw name="Shopping Cart Should have 2 products" library="products_steps">
<kw name="Element Text Should Be" library="SeleniumLibrary">
<doc>Verifies that element ``locator`` contains exact text ``expected``.</doc>
<arguments>
<arg>class:shopping_cart_badge</arg>
<arg>2</arg>
</arguments>
<msg timestamp="20190212 22:29:30.105" level="INFO">Verifying element 'class:shopping_cart_badge' contains exact text '2'.</msg>
<status status="PASS" starttime="20190212 22:29:30.105" endtime="20190212 22:29:30.151"></status>
</kw>
<status status="PASS" starttime="20190212 22:29:30.103" endtime="20190212 22:29:30.151"></status>
</kw>
<kw name="Go to checkout page" library="checkout_steps">
<kw name="Click Link" library="SeleniumLibrary">
<doc>Clicks a link identified by ``locator``.</doc>
<arguments>
<arg>class:shopping_cart_link</arg>
</arguments>
<msg timestamp="20190212 22:29:30.152" level="INFO">Clicking link 'class:shopping_cart_link'.</msg>
<status status="PASS" starttime="20190212 22:29:30.152" endtime="20190212 22:29:30.816"></status>
</kw>
<kw name="Click Link" library="SeleniumLibrary">
<doc>Clicks a link identified by ``locator``.</doc>
<arguments>
<arg>class:cart_checkout_link</arg>
</arguments>
<msg timestamp="20190212 22:29:30.816" level="INFO">Clicking link 'class:cart_checkout_link'.</msg>
<status status="PASS" starttime="20190212 22:29:30.816" endtime="20190212 22:29:31.517"></status>
</kw>
<status status="PASS" starttime="20190212 22:29:30.151" endtime="20190212 22:29:31.518"></status>
</kw>
<kw name="Fill Checkout informations" library="checkout_steps">
<kw name="Input Text" library="SeleniumLibrary">
<doc>Types the given ``text`` into text field identified by ``locator``.</doc>
<arguments>
<arg>class:checkout-input[placeholder="First Name"]</arg>
<arg>Teste</arg>
</arguments>
<msg timestamp="20190212 22:29:31.519" level="INFO">Typing text 'Teste' into text field 'class:checkout-input[placeholder="First Name"]'.</msg>
<status status="PASS" starttime="20190212 22:29:31.518" endtime="20190212 22:29:31.558"></status>
</kw>
<kw name="Input Text" library="SeleniumLibrary">
<doc>Types the given ``text`` into text field identified by ``locator``.</doc>
<arguments>
<arg>class:checkout-input[placeholder="Last Name"]</arg>
<arg>Lorena</arg>
</arguments>
<msg timestamp="20190212 22:29:31.559" level="INFO">Typing text 'Lorena' into text field 'class:checkout-input[placeholder="Last Name"]'.</msg>
<status status="PASS" starttime="20190212 22:29:31.558" endtime="20190212 22:29:31.591"></status>
</kw>
<kw name="Input Text" library="SeleniumLibrary">
<doc>Types the given ``text`` into text field identified by ``locator``.</doc>
<arguments>
<arg>class:checkout-input[placeholder="Zip/Postal Code"]</arg>
<arg>40000</arg>
</arguments>
<msg timestamp="20190212 22:29:31.591" level="INFO">Typing text '40000' into text field 'class:checkout-input[placeholder="Zip/Postal Code"]'.</msg>
<status status="PASS" starttime="20190212 22:29:31.591" endtime="20190212 22:29:31.618"></status>
</kw>
<kw name="Click Element" library="SeleniumLibrary">
<doc>Click element identified by ``locator``.</doc>
<arguments>
<arg>class:cart_checkout_link</arg>
</arguments>
<msg timestamp="20190212 22:29:31.619" level="INFO">Clicking element 'class:cart_checkout_link'.</msg>
<status status="PASS" starttime="20190212 22:29:31.619" endtime="20190212 22:29:32.293"></status>
</kw>
<status status="PASS" starttime="20190212 22:29:31.518" endtime="20190212 22:29:32.293"></status>
</kw>
<kw name="See the total price" library="checkout_steps">
<kw name="Element Text Should Be" library="SeleniumLibrary">
<doc>Verifies that element ``locator`` contains exact text ``expected``.</doc>
<arguments>
<arg>class:summary_total_label</arg>
<arg>Total: $28.06</arg>
</arguments>
<msg timestamp="20190212 22:29:32.294" level="INFO">Verifying element 'class:summary_total_label' contains exact text 'Total: $28.06'.</msg>
<status status="PASS" starttime="20190212 22:29:32.293" endtime="20190212 22:29:32.306"></status>
</kw>
<status status="PASS" starttime="20190212 22:29:32.293" endtime="20190212 22:29:32.306"></status>
</kw>
<kw name="Finish the Shop" library="order_steps">
<kw name="Click Link" library="SeleniumLibrary">
<doc>Clicks a link identified by ``locator``.</doc>
<arguments>
<arg>class:cart_checkout_link</arg>
</arguments>
<msg timestamp="20190212 22:29:32.307" level="INFO">Clicking link 'class:cart_checkout_link'.</msg>
<status status="PASS" starttime="20190212 22:29:32.307" endtime="20190212 22:29:34.017"></status>
</kw>
<status status="PASS" starttime="20190212 22:29:32.306" endtime="20190212 22:29:34.019"></status>
</kw>
<kw name="See the message" library="order_steps">
<arguments>
<arg>THANK YOU FOR YOUR ORDER</arg>
</arguments>
<kw name="Page Should Contain" library="SeleniumLibrary">
<doc>Verifies that current page contains ``text``.</doc>
<arguments>
<arg>${message}</arg>
</arguments>
<msg timestamp="20190212 22:29:34.045" level="INFO">Current page contains text 'THANK YOU FOR YOUR ORDER'.</msg>
<status status="PASS" starttime="20190212 22:29:34.024" endtime="20190212 22:29:34.045"></status>
</kw>
<status status="PASS" starttime="20190212 22:29:34.021" endtime="20190212 22:29:34.046"></status>
</kw>
<status status="PASS" starttime="20190212 22:29:14.828" endtime="20190212 22:29:34.046" critical="yes"></status>
</test>
<test id="s1-t2" name="[Teardown] Close Browser">
<status status="FAIL" starttime="20190212 22:29:34.047" endtime="20190212 22:29:34.047" critical="yes">Test case contains no keywords.</status>
</test>
<doc>A test suite with test scenarios for validate products feature.</doc>
<status status="FAIL" starttime="20190212 22:29:14.711" endtime="20190212 22:29:34.048"></status>
</suite>
<statistics>
<total>
<stat pass="1" fail="1">Critical Tests</stat>
<stat pass="1" fail="1">All Tests</stat>
</total>
<tag>
</tag>
<suite>
<stat pass="1" fail="1" id="s1" name="Products">Products</stat>
</suite>
</statistics>
<errors>
</errors>
</robot>
