<?xml version="1.0" encoding="UTF-8"?>
<robot generator="Robot 3.1.1 (Python 3.6.7 on linux)" generated="20190212 21:10:17.210" rpa="false">
<suite id="s1" name="Products" source="/home/joao/DEV/python/robot_tests/products.robot">
<test id="s1-t1" name="Operate Cart">
<kw name="Open Browser To Login Page" library="login_steps">
<kw name="Open Browser" library="SeleniumLibrary">
<doc>Opens a new browser instance to the given ``url``.</doc>
<arguments>
<arg>${LOGIN URL}</arg>
<arg>${BROWSER}</arg>
</arguments>
<msg timestamp="20190212 21:10:17.326" level="INFO">Opening browser 'Firefox' to base url 'https://www.saucedemo.com/'.</msg>
<status status="PASS" starttime="20190212 21:10:17.326" endtime="20190212 21:10:27.080"></status>
</kw>
<kw name="Maximize Browser Window" library="SeleniumLibrary">
<doc>Maximizes current browser window.</doc>
<status status="PASS" starttime="20190212 21:10:27.081" endtime="20190212 21:10:27.363"></status>
</kw>
<kw name="Set Selenium Speed" library="SeleniumLibrary">
<doc>Sets the delay that is waited after each Selenium command.</doc>
<arguments>
<arg>${DELAY}</arg>
</arguments>
<status status="PASS" starttime="20190212 21:10:27.364" endtime="20190212 21:10:27.365"></status>
</kw>
<kw name="Login Page Should Be Open" library="login_steps">
<kw name="Title Should Be" library="SeleniumLibrary">
<doc>Verifies that current page title equals ``title``.</doc>
<arguments>
<arg>Swag Labs</arg>
</arguments>
<msg timestamp="20190212 21:10:27.377" level="INFO">Page title is 'Swag Labs'.</msg>
<status status="PASS" starttime="20190212 21:10:27.367" endtime="20190212 21:10:27.378"></status>
</kw>
<status status="PASS" starttime="20190212 21:10:27.366" endtime="20190212 21:10:27.378"></status>
</kw>
<status status="PASS" starttime="20190212 21:10:17.326" endtime="20190212 21:10:27.378"></status>
</kw>
<kw name="Input Username" library="login_steps">
<arguments>
<arg>standard_user</arg>
</arguments>
<kw name="Input Text" library="SeleniumLibrary">
<doc>Types the given ``text`` into text field identified by ``locator``.</doc>
<arguments>
<arg>user-name</arg>
<arg>${username}</arg>
</arguments>
<msg timestamp="20190212 21:10:27.380" level="INFO">Typing text 'standard_user' into text field 'user-name'.</msg>
<status status="PASS" starttime="20190212 21:10:27.380" endtime="20190212 21:10:27.437"></status>
</kw>
<status status="PASS" starttime="20190212 21:10:27.379" endtime="20190212 21:10:27.437"></status>
</kw>
<kw name="Input Password" library="login_steps">
<arguments>
<arg>secret_sauce</arg>
</arguments>
<kw name="Input Text" library="SeleniumLibrary">
<doc>Types the given ``text`` into text field identified by ``locator``.</doc>
<arguments>
<arg>password</arg>
<arg>${password}</arg>
</arguments>
<msg timestamp="20190212 21:10:27.438" level="INFO">Typing text 'secret_sauce' into text field 'password'.</msg>
<status status="PASS" starttime="20190212 21:10:27.438" endtime="20190212 21:10:27.481"></status>
</kw>
<status status="PASS" starttime="20190212 21:10:27.438" endtime="20190212 21:10:27.481"></status>
</kw>
<kw name="Submit Credentials" library="login_steps">
<kw name="Click Button" library="SeleniumLibrary">
<doc>Clicks button identified by ``locator``.</doc>
<arguments>
<arg>class:login-button</arg>
</arguments>
<msg timestamp="20190212 21:10:27.482" level="INFO">Clicking button 'class:login-button'.</msg>
<status status="PASS" starttime="20190212 21:10:27.482" endtime="20190212 21:10:33.037"></status>
</kw>
<status status="PASS" starttime="20190212 21:10:27.481" endtime="20190212 21:10:33.038"></status>
</kw>
<kw name="Welcome Page Should Be Open" library="login_steps">
<kw name="Location Should Be" library="SeleniumLibrary">
<doc>Verifies that current URL is exactly ``url``.</doc>
<arguments>
<arg>${WELCOME URL}</arg>
</arguments>
<msg timestamp="20190212 21:10:33.059" level="INFO">Current location is 'https://www.saucedemo.com/inventory.html'.</msg>
<status status="PASS" starttime="20190212 21:10:33.039" endtime="20190212 21:10:33.060"></status>
</kw>
<status status="PASS" starttime="20190212 21:10:33.038" endtime="20190212 21:10:33.060"></status>
</kw>
<kw name="Add 3 products on the cart" library="products_steps">
<kw name="Click Element" library="SeleniumLibrary">
<doc>Click element identified by ``locator``.</doc>
<arguments>
<arg>class:add-to-cart-button</arg>
</arguments>
<msg timestamp="20190212 21:10:33.063" level="INFO">Clicking element 'class:add-to-cart-button'.</msg>
<status status="PASS" starttime="20190212 21:10:33.062" endtime="20190212 21:10:33.387"></status>
</kw>
<kw name="Click Element" library="SeleniumLibrary">
<doc>Click element identified by ``locator``.</doc>
<arguments>
<arg>class:add-to-cart-button</arg>
</arguments>
<msg timestamp="20190212 21:10:33.388" level="INFO">Clicking element 'class:add-to-cart-button'.</msg>
<status status="PASS" starttime="20190212 21:10:33.387" endtime="20190212 21:10:33.634"></status>
</kw>
<kw name="Click Element" library="SeleniumLibrary">
<doc>Click element identified by ``locator``.</doc>
<arguments>
<arg>class:add-to-cart-button</arg>
</arguments>
<msg timestamp="20190212 21:10:33.636" level="INFO">Clicking element 'class:add-to-cart-button'.</msg>
<status status="PASS" starttime="20190212 21:10:33.635" endtime="20190212 21:10:33.911"></status>
</kw>
<status status="PASS" starttime="20190212 21:10:33.061" endtime="20190212 21:10:33.912"></status>
</kw>
<kw name="Remove 1 product from the cart" library="products_steps">
<kw name="Click Element" library="SeleniumLibrary">
<doc>Click element identified by ``locator``.</doc>
<arguments>
<arg>class:remove-from-cart-button</arg>
</arguments>
<msg timestamp="20190212 21:10:33.915" level="INFO">Clicking element 'class:remove-from-cart-button'.</msg>
<status status="PASS" starttime="20190212 21:10:33.914" endtime="20190212 21:10:34.178"></status>
</kw>
<status status="PASS" starttime="20190212 21:10:33.913" endtime="20190212 21:10:34.179"></status>
</kw>
<kw name="Shopping Cart Should have 2 products" library="products_steps">
<kw name="Element Text Should Be" library="SeleniumLibrary">
<doc>Verifies that element ``locator`` contains exact text ``expected``.</doc>
<arguments>
<arg>class:shopping_cart_badge</arg>
<arg>2</arg>
</arguments>
<msg timestamp="20190212 21:10:34.182" level="INFO">Verifying element 'class:shopping_cart_badge' contains exact text '2'.</msg>
<status status="PASS" starttime="20190212 21:10:34.181" endtime="20190212 21:10:34.220"></status>
</kw>
<status status="PASS" starttime="20190212 21:10:34.180" endtime="20190212 21:10:34.221"></status>
</kw>
<status status="PASS" starttime="20190212 21:10:17.325" endtime="20190212 21:10:34.221" critical="yes"></status>
</test>
<test id="s1-t2" name="[Teardown] Close Browser">
<status status="FAIL" starttime="20190212 21:10:34.222" endtime="20190212 21:10:34.222" critical="yes">Test case contains no keywords.</status>
</test>
<doc>A test suite with test scenarios for validate products feature.</doc>
<status status="FAIL" starttime="20190212 21:10:17.211" endtime="20190212 21:10:34.223"></status>
</suite>
<statistics>
<total>
<stat pass="1" fail="1">Critical Tests</stat>
<stat pass="1" fail="1">All Tests</stat>
</total>
<tag>
</tag>
<suite>
<stat pass="1" fail="1" id="s1" name="Products">Products</stat>
</suite>
</statistics>
<errors>
</errors>
</robot>
