<?xml version="1.0" encoding="UTF-8"?>
<robot generator="Robot 3.1.1 (Python 3.6.7 on linux)" generated="20190212 23:41:57.095" rpa="false">
<suite id="s1" name="Specs" source="/home/joao/DEV/python/robot_tests/features/specs">
<suite id="s1-s1" name="Invalid Login" source="/home/joao/DEV/python/robot_tests/features/specs/invalid_login.robot">
<test id="s1-s1-t1" name="Invalid Login">
<kw name="Open Browser To Login Page" library="login_steps">
<kw name="Open Browser" library="SeleniumLibrary">
<doc>Opens a new browser instance to the given ``url``.</doc>
<arguments>
<arg>${LOGIN URL}</arg>
<arg>${BROWSER}</arg>
</arguments>
<msg timestamp="20190212 23:41:57.216" level="INFO">Opening browser 'Firefox' to base url 'https://www.saucedemo.com/'.</msg>
<status status="PASS" starttime="20190212 23:41:57.216" endtime="20190212 23:42:04.985"></status>
</kw>
<kw name="Maximize Browser Window" library="SeleniumLibrary">
<doc>Maximizes current browser window.</doc>
<status status="PASS" starttime="20190212 23:42:04.986" endtime="20190212 23:42:05.271"></status>
</kw>
<kw name="Set Selenium Speed" library="SeleniumLibrary">
<doc>Sets the delay that is waited after each Selenium command.</doc>
<arguments>
<arg>${DELAY}</arg>
</arguments>
<status status="PASS" starttime="20190212 23:42:05.272" endtime="20190212 23:42:05.273"></status>
</kw>
<kw name="Login Page Should Be Open" library="login_steps">
<kw name="Title Should Be" library="SeleniumLibrary">
<doc>Verifies that current page title equals ``title``.</doc>
<arguments>
<arg>Swag Labs</arg>
</arguments>
<msg timestamp="20190212 23:42:05.283" level="INFO">Page title is 'Swag Labs'.</msg>
<status status="PASS" starttime="20190212 23:42:05.275" endtime="20190212 23:42:05.284"></status>
</kw>
<status status="PASS" starttime="20190212 23:42:05.273" endtime="20190212 23:42:05.284"></status>
</kw>
<status status="PASS" starttime="20190212 23:41:57.215" endtime="20190212 23:42:05.285"></status>
</kw>
<kw name="Input Username" library="login_steps">
<arguments>
<arg>invalid_user</arg>
</arguments>
<kw name="Input Text" library="SeleniumLibrary">
<doc>Types the given ``text`` into text field identified by ``locator``.</doc>
<arguments>
<arg>user-name</arg>
<arg>${username}</arg>
</arguments>
<msg timestamp="20190212 23:42:05.287" level="INFO">Typing text 'invalid_user' into text field 'user-name'.</msg>
<status status="PASS" starttime="20190212 23:42:05.287" endtime="20190212 23:42:05.352"></status>
</kw>
<status status="PASS" starttime="20190212 23:42:05.285" endtime="20190212 23:42:05.352"></status>
</kw>
<kw name="Input Password" library="login_steps">
<arguments>
<arg>secret_sauce</arg>
</arguments>
<kw name="Input Text" library="SeleniumLibrary">
<doc>Types the given ``text`` into text field identified by ``locator``.</doc>
<arguments>
<arg>password</arg>
<arg>${password}</arg>
</arguments>
<msg timestamp="20190212 23:42:05.353" level="INFO">Typing text 'secret_sauce' into text field 'password'.</msg>
<status status="PASS" starttime="20190212 23:42:05.353" endtime="20190212 23:42:05.396"></status>
</kw>
<status status="PASS" starttime="20190212 23:42:05.352" endtime="20190212 23:42:05.396"></status>
</kw>
<kw name="Submit Credentials" library="login_steps">
<kw name="Click Button" library="SeleniumLibrary">
<doc>Clicks button identified by ``locator``.</doc>
<arguments>
<arg>class:login-button</arg>
</arguments>
<msg timestamp="20190212 23:42:05.397" level="INFO">Clicking button 'class:login-button'.</msg>
<status status="PASS" starttime="20190212 23:42:05.397" endtime="20190212 23:42:05.640"></status>
</kw>
<status status="PASS" starttime="20190212 23:42:05.396" endtime="20190212 23:42:05.640"></status>
</kw>
<kw name="Should see the message" library="validation_steps">
<arguments>
<arg>Username and password do not match any user in this service</arg>
</arguments>
<kw name="Page Should Contain" library="SeleniumLibrary">
<doc>Verifies that current page contains ``text``.</doc>
<arguments>
<arg>${message}</arg>
</arguments>
<msg timestamp="20190212 23:42:05.680" level="INFO">Current page contains text 'Username and password do not match any user in this service'.</msg>
<status status="PASS" starttime="20190212 23:42:05.643" endtime="20190212 23:42:05.681"></status>
</kw>
<status status="PASS" starttime="20190212 23:42:05.641" endtime="20190212 23:42:05.681"></status>
</kw>
<status status="PASS" starttime="20190212 23:41:57.215" endtime="20190212 23:42:05.681" critical="yes"></status>
</test>
<test id="s1-s1-t2" name="[Teardown] Close Browser">
<status status="FAIL" starttime="20190212 23:42:05.683" endtime="20190212 23:42:05.683" critical="yes">Test case contains no keywords.</status>
</test>
<doc>A test suite with test scenarios for validate login feature.</doc>
<status status="FAIL" starttime="20190212 23:41:57.115" endtime="20190212 23:42:05.684"></status>
</suite>
<suite id="s1-s2" name="Login" source="/home/joao/DEV/python/robot_tests/features/specs/login.robot">
<test id="s1-s2-t1" name="Valid Login">
<kw name="Open Browser To Login Page" library="login_steps">
<kw name="Open Browser" library="SeleniumLibrary">
<doc>Opens a new browser instance to the given ``url``.</doc>
<arguments>
<arg>${LOGIN URL}</arg>
<arg>${BROWSER}</arg>
</arguments>
<msg timestamp="20190212 23:42:05.693" level="INFO">Opening browser 'Firefox' to base url 'https://www.saucedemo.com/'.</msg>
<status status="PASS" starttime="20190212 23:42:05.693" endtime="20190212 23:42:12.439"></status>
</kw>
<kw name="Maximize Browser Window" library="SeleniumLibrary">
<doc>Maximizes current browser window.</doc>
<status status="PASS" starttime="20190212 23:42:12.440" endtime="20190212 23:42:12.743"></status>
</kw>
<kw name="Set Selenium Speed" library="SeleniumLibrary">
<doc>Sets the delay that is waited after each Selenium command.</doc>
<arguments>
<arg>${DELAY}</arg>
</arguments>
<status status="PASS" starttime="20190212 23:42:12.744" endtime="20190212 23:42:12.746"></status>
</kw>
<kw name="Login Page Should Be Open" library="login_steps">
<kw name="Title Should Be" library="SeleniumLibrary">
<doc>Verifies that current page title equals ``title``.</doc>
<arguments>
<arg>Swag Labs</arg>
</arguments>
<msg timestamp="20190212 23:42:12.760" level="INFO">Page title is 'Swag Labs'.</msg>
<status status="PASS" starttime="20190212 23:42:12.748" endtime="20190212 23:42:12.760"></status>
</kw>
<status status="PASS" starttime="20190212 23:42:12.746" endtime="20190212 23:42:12.761"></status>
</kw>
<status status="PASS" starttime="20190212 23:42:05.692" endtime="20190212 23:42:12.761"></status>
</kw>
<kw name="Input Username" library="login_steps">
<arguments>
<arg>standard_user</arg>
</arguments>
<kw name="Input Text" library="SeleniumLibrary">
<doc>Types the given ``text`` into text field identified by ``locator``.</doc>
<arguments>
<arg>user-name</arg>
<arg>${username}</arg>
</arguments>
<msg timestamp="20190212 23:42:12.764" level="INFO">Typing text 'standard_user' into text field 'user-name'.</msg>
<status status="PASS" starttime="20190212 23:42:12.763" endtime="20190212 23:42:12.830"></status>
</kw>
<status status="PASS" starttime="20190212 23:42:12.762" endtime="20190212 23:42:12.830"></status>
</kw>
<kw name="Input Password" library="login_steps">
<arguments>
<arg>secret_sauce</arg>
</arguments>
<kw name="Input Text" library="SeleniumLibrary">
<doc>Types the given ``text`` into text field identified by ``locator``.</doc>
<arguments>
<arg>password</arg>
<arg>${password}</arg>
</arguments>
<msg timestamp="20190212 23:42:12.831" level="INFO">Typing text 'secret_sauce' into text field 'password'.</msg>
<status status="PASS" starttime="20190212 23:42:12.831" endtime="20190212 23:42:12.877"></status>
</kw>
<status status="PASS" starttime="20190212 23:42:12.830" endtime="20190212 23:42:12.877"></status>
</kw>
<kw name="Submit Credentials" library="login_steps">
<kw name="Click Button" library="SeleniumLibrary">
<doc>Clicks button identified by ``locator``.</doc>
<arguments>
<arg>class:login-button</arg>
</arguments>
<msg timestamp="20190212 23:42:12.878" level="INFO">Clicking button 'class:login-button'.</msg>
<status status="PASS" starttime="20190212 23:42:12.878" endtime="20190212 23:42:13.841"></status>
</kw>
<status status="PASS" starttime="20190212 23:42:12.878" endtime="20190212 23:42:13.842"></status>
</kw>
<kw name="Welcome Page Should Be Open" library="login_steps">
<kw name="Location Should Be" library="SeleniumLibrary">
<doc>Verifies that current URL is exactly ``url``.</doc>
<arguments>
<arg>${WELCOME URL}</arg>
</arguments>
<msg timestamp="20190212 23:42:13.846" level="INFO">Current location is 'https://www.saucedemo.com/inventory.html'.</msg>
<status status="PASS" starttime="20190212 23:42:13.843" endtime="20190212 23:42:13.846"></status>
</kw>
<status status="PASS" starttime="20190212 23:42:13.843" endtime="20190212 23:42:13.846"></status>
</kw>
<status status="PASS" starttime="20190212 23:42:05.692" endtime="20190212 23:42:13.847" critical="yes"></status>
</test>
<test id="s1-s2-t2" name="[Teardown] Close Browser">
<status status="FAIL" starttime="20190212 23:42:13.847" endtime="20190212 23:42:13.848" critical="yes">Test case contains no keywords.</status>
</test>
<doc>A test suite with test scenarios for validate login feature.</doc>
<status status="FAIL" starttime="20190212 23:42:05.686" endtime="20190212 23:42:13.848"></status>
</suite>
<suite id="s1-s3" name="Products" source="/home/joao/DEV/python/robot_tests/features/specs/products.robot">
<test id="s1-s3-t1" name="Operate Cart">
<kw name="Open Browser To Login Page" library="login_steps">
<kw name="Open Browser" library="SeleniumLibrary">
<doc>Opens a new browser instance to the given ``url``.</doc>
<arguments>
<arg>${LOGIN URL}</arg>
<arg>${BROWSER}</arg>
</arguments>
<msg timestamp="20190212 23:42:13.867" level="INFO">Opening browser 'Firefox' to base url 'https://www.saucedemo.com/'.</msg>
<status status="PASS" starttime="20190212 23:42:13.867" endtime="20190212 23:42:22.634"></status>
</kw>
<kw name="Maximize Browser Window" library="SeleniumLibrary">
<doc>Maximizes current browser window.</doc>
<status status="PASS" starttime="20190212 23:42:22.634" endtime="20190212 23:42:22.933"></status>
</kw>
<kw name="Set Selenium Speed" library="SeleniumLibrary">
<doc>Sets the delay that is waited after each Selenium command.</doc>
<arguments>
<arg>${DELAY}</arg>
</arguments>
<status status="PASS" starttime="20190212 23:42:22.934" endtime="20190212 23:42:22.935"></status>
</kw>
<kw name="Login Page Should Be Open" library="login_steps">
<kw name="Title Should Be" library="SeleniumLibrary">
<doc>Verifies that current page title equals ``title``.</doc>
<arguments>
<arg>Swag Labs</arg>
</arguments>
<msg timestamp="20190212 23:42:22.941" level="INFO">Page title is 'Swag Labs'.</msg>
<status status="PASS" starttime="20190212 23:42:22.936" endtime="20190212 23:42:22.941"></status>
</kw>
<status status="PASS" starttime="20190212 23:42:22.935" endtime="20190212 23:42:22.941"></status>
</kw>
<status status="PASS" starttime="20190212 23:42:13.867" endtime="20190212 23:42:22.942"></status>
</kw>
<kw name="Input Username" library="login_steps">
<arguments>
<arg>standard_user</arg>
</arguments>
<kw name="Input Text" library="SeleniumLibrary">
<doc>Types the given ``text`` into text field identified by ``locator``.</doc>
<arguments>
<arg>user-name</arg>
<arg>${username}</arg>
</arguments>
<msg timestamp="20190212 23:42:22.943" level="INFO">Typing text 'standard_user' into text field 'user-name'.</msg>
<status status="PASS" starttime="20190212 23:42:22.942" endtime="20190212 23:42:22.997"></status>
</kw>
<status status="PASS" starttime="20190212 23:42:22.942" endtime="20190212 23:42:22.998"></status>
</kw>
<kw name="Input Password" library="login_steps">
<arguments>
<arg>secret_sauce</arg>
</arguments>
<kw name="Input Text" library="SeleniumLibrary">
<doc>Types the given ``text`` into text field identified by ``locator``.</doc>
<arguments>
<arg>password</arg>
<arg>${password}</arg>
</arguments>
<msg timestamp="20190212 23:42:22.999" level="INFO">Typing text 'secret_sauce' into text field 'password'.</msg>
<status status="PASS" starttime="20190212 23:42:22.998" endtime="20190212 23:42:23.042"></status>
</kw>
<status status="PASS" starttime="20190212 23:42:22.998" endtime="20190212 23:42:23.042"></status>
</kw>
<kw name="Submit Credentials" library="login_steps">
<kw name="Click Button" library="SeleniumLibrary">
<doc>Clicks button identified by ``locator``.</doc>
<arguments>
<arg>class:login-button</arg>
</arguments>
<msg timestamp="20190212 23:42:23.043" level="INFO">Clicking button 'class:login-button'.</msg>
<status status="PASS" starttime="20190212 23:42:23.043" endtime="20190212 23:42:24.860"></status>
</kw>
<status status="PASS" starttime="20190212 23:42:23.043" endtime="20190212 23:42:24.860"></status>
</kw>
<kw name="Welcome Page Should Be Open" library="login_steps">
<kw name="Location Should Be" library="SeleniumLibrary">
<doc>Verifies that current URL is exactly ``url``.</doc>
<arguments>
<arg>${WELCOME URL}</arg>
</arguments>
<msg timestamp="20190212 23:42:24.868" level="INFO">Current location is 'https://www.saucedemo.com/inventory.html'.</msg>
<status status="PASS" starttime="20190212 23:42:24.861" endtime="20190212 23:42:24.869"></status>
</kw>
<status status="PASS" starttime="20190212 23:42:24.860" endtime="20190212 23:42:24.869"></status>
</kw>
<kw name="Add 3 products on the cart" library="products_steps">
<kw name="Click Element" library="SeleniumLibrary">
<doc>Click element identified by ``locator``.</doc>
<arguments>
<arg>class:add-to-cart-button</arg>
</arguments>
<msg timestamp="20190212 23:42:24.871" level="INFO">Clicking element 'class:add-to-cart-button'.</msg>
<status status="PASS" starttime="20190212 23:42:24.871" endtime="20190212 23:42:25.150"></status>
</kw>
<kw name="Click Element" library="SeleniumLibrary">
<doc>Click element identified by ``locator``.</doc>
<arguments>
<arg>class:add-to-cart-button</arg>
</arguments>
<msg timestamp="20190212 23:42:25.151" level="INFO">Clicking element 'class:add-to-cart-button'.</msg>
<status status="PASS" starttime="20190212 23:42:25.150" endtime="20190212 23:42:25.411"></status>
</kw>
<kw name="Click Element" library="SeleniumLibrary">
<doc>Click element identified by ``locator``.</doc>
<arguments>
<arg>class:add-to-cart-button</arg>
</arguments>
<msg timestamp="20190212 23:42:25.412" level="INFO">Clicking element 'class:add-to-cart-button'.</msg>
<status status="PASS" starttime="20190212 23:42:25.412" endtime="20190212 23:42:25.679"></status>
</kw>
<status status="PASS" starttime="20190212 23:42:24.870" endtime="20190212 23:42:25.680"></status>
</kw>
<kw name="Remove 1 product from the cart" library="products_steps">
<kw name="Click Element" library="SeleniumLibrary">
<doc>Click element identified by ``locator``.</doc>
<arguments>
<arg>class:remove-from-cart-button</arg>
</arguments>
<msg timestamp="20190212 23:42:25.683" level="INFO">Clicking element 'class:remove-from-cart-button'.</msg>
<status status="PASS" starttime="20190212 23:42:25.682" endtime="20190212 23:42:25.939"></status>
</kw>
<status status="PASS" starttime="20190212 23:42:25.681" endtime="20190212 23:42:25.940"></status>
</kw>
<kw name="Shopping Cart Should have 2 products" library="products_steps">
<kw name="Element Text Should Be" library="SeleniumLibrary">
<doc>Verifies that element ``locator`` contains exact text ``expected``.</doc>
<arguments>
<arg>class:shopping_cart_badge</arg>
<arg>2</arg>
</arguments>
<msg timestamp="20190212 23:42:25.943" level="INFO">Verifying element 'class:shopping_cart_badge' contains exact text '2'.</msg>
<status status="PASS" starttime="20190212 23:42:25.942" endtime="20190212 23:42:25.981"></status>
</kw>
<status status="PASS" starttime="20190212 23:42:25.941" endtime="20190212 23:42:25.981"></status>
</kw>
<kw name="Go to checkout page" library="checkout_steps">
<kw name="Click Link" library="SeleniumLibrary">
<doc>Clicks a link identified by ``locator``.</doc>
<arguments>
<arg>class:shopping_cart_link</arg>
</arguments>
<msg timestamp="20190212 23:42:25.982" level="INFO">Clicking link 'class:shopping_cart_link'.</msg>
<status status="PASS" starttime="20190212 23:42:25.982" endtime="20190212 23:42:26.462"></status>
</kw>
<kw name="Click Link" library="SeleniumLibrary">
<doc>Clicks a link identified by ``locator``.</doc>
<arguments>
<arg>class:cart_checkout_link</arg>
</arguments>
<msg timestamp="20190212 23:42:26.462" level="INFO">Clicking link 'class:cart_checkout_link'.</msg>
<status status="PASS" starttime="20190212 23:42:26.462" endtime="20190212 23:42:26.876"></status>
</kw>
<status status="PASS" starttime="20190212 23:42:25.981" endtime="20190212 23:42:26.877"></status>
</kw>
<kw name="Fill Checkout informations" library="checkout_steps">
<kw name="Input Text" library="SeleniumLibrary">
<doc>Types the given ``text`` into text field identified by ``locator``.</doc>
<arguments>
<arg>class:checkout-input[placeholder="First Name"]</arg>
<arg>Teste</arg>
</arguments>
<msg timestamp="20190212 23:42:26.878" level="INFO">Typing text 'Teste' into text field 'class:checkout-input[placeholder="First Name"]'.</msg>
<status status="PASS" starttime="20190212 23:42:26.878" endtime="20190212 23:42:26.920"></status>
</kw>
<kw name="Input Text" library="SeleniumLibrary">
<doc>Types the given ``text`` into text field identified by ``locator``.</doc>
<arguments>
<arg>class:checkout-input[placeholder="Last Name"]</arg>
<arg>Lorena</arg>
</arguments>
<msg timestamp="20190212 23:42:26.920" level="INFO">Typing text 'Lorena' into text field 'class:checkout-input[placeholder="Last Name"]'.</msg>
<status status="PASS" starttime="20190212 23:42:26.920" endtime="20190212 23:42:26.953"></status>
</kw>
<kw name="Input Text" library="SeleniumLibrary">
<doc>Types the given ``text`` into text field identified by ``locator``.</doc>
<arguments>
<arg>class:checkout-input[placeholder="Zip/Postal Code"]</arg>
<arg>40000</arg>
</arguments>
<msg timestamp="20190212 23:42:26.953" level="INFO">Typing text '40000' into text field 'class:checkout-input[placeholder="Zip/Postal Code"]'.</msg>
<status status="PASS" starttime="20190212 23:42:26.953" endtime="20190212 23:42:26.979"></status>
</kw>
<kw name="Click Element" library="SeleniumLibrary">
<doc>Click element identified by ``locator``.</doc>
<arguments>
<arg>class:cart_checkout_link</arg>
</arguments>
<msg timestamp="20190212 23:42:26.979" level="INFO">Clicking element 'class:cart_checkout_link'.</msg>
<status status="PASS" starttime="20190212 23:42:26.979" endtime="20190212 23:42:27.300"></status>
</kw>
<status status="PASS" starttime="20190212 23:42:26.877" endtime="20190212 23:42:27.300"></status>
</kw>
<kw name="See the total price" library="checkout_steps">
<kw name="Element Text Should Be" library="SeleniumLibrary">
<doc>Verifies that element ``locator`` contains exact text ``expected``.</doc>
<arguments>
<arg>class:summary_total_label</arg>
<arg>Total: $28.06</arg>
</arguments>
<msg timestamp="20190212 23:42:27.301" level="INFO">Verifying element 'class:summary_total_label' contains exact text 'Total: $28.06'.</msg>
<status status="PASS" starttime="20190212 23:42:27.301" endtime="20190212 23:42:27.316"></status>
</kw>
<status status="PASS" starttime="20190212 23:42:27.300" endtime="20190212 23:42:27.317"></status>
</kw>
<kw name="Finish the Shop" library="order_steps">
<kw name="Click Link" library="SeleniumLibrary">
<doc>Clicks a link identified by ``locator``.</doc>
<arguments>
<arg>class:cart_checkout_link</arg>
</arguments>
<msg timestamp="20190212 23:42:27.317" level="INFO">Clicking link 'class:cart_checkout_link'.</msg>
<status status="PASS" starttime="20190212 23:42:27.317" endtime="20190212 23:42:28.961"></status>
</kw>
<status status="PASS" starttime="20190212 23:42:27.317" endtime="20190212 23:42:28.961"></status>
</kw>
<kw name="Should see the message" library="validation_steps">
<arguments>
<arg>THANK YOU FOR YOUR ORDER</arg>
</arguments>
<kw name="Page Should Contain" library="SeleniumLibrary">
<doc>Verifies that current page contains ``text``.</doc>
<arguments>
<arg>${message}</arg>
</arguments>
<msg timestamp="20190212 23:42:28.978" level="INFO">Current page contains text 'THANK YOU FOR YOUR ORDER'.</msg>
<status status="PASS" starttime="20190212 23:42:28.963" endtime="20190212 23:42:28.978"></status>
</kw>
<status status="PASS" starttime="20190212 23:42:28.962" endtime="20190212 23:42:28.979"></status>
</kw>
<status status="PASS" starttime="20190212 23:42:13.866" endtime="20190212 23:42:28.979" critical="yes"></status>
</test>
<test id="s1-s3-t2" name="[Teardown] Close Browser">
<status status="FAIL" starttime="20190212 23:42:28.979" endtime="20190212 23:42:28.980" critical="yes">Test case contains no keywords.</status>
</test>
<doc>A test suite with test scenarios for validate products feature.</doc>
<status status="FAIL" starttime="20190212 23:42:13.850" endtime="20190212 23:42:28.980"></status>
</suite>
<status status="FAIL" starttime="20190212 23:41:57.096" endtime="20190212 23:42:28.982"></status>
</suite>
<statistics>
<total>
<stat pass="3" fail="3">Critical Tests</stat>
<stat pass="3" fail="3">All Tests</stat>
</total>
<tag>
</tag>
<suite>
<stat pass="3" fail="3" id="s1" name="Specs">Specs</stat>
<stat pass="1" fail="1" id="s1-s1" name="Invalid Login">Specs.Invalid Login</stat>
<stat pass="1" fail="1" id="s1-s2" name="Login">Specs.Login</stat>
<stat pass="1" fail="1" id="s1-s3" name="Products">Specs.Products</stat>
</suite>
</statistics>
<errors>
</errors>
</robot>
